<?xml version="1.0" encoding="UTF-8" ?>
<testsuite tests="18" failures="0" name="ee.sk.mid.MobileIdClientTest" time="2.84" errors="7" skipped="0">
  <properties>
    <property name="java.runtime.name" value="Java(TM) SE Runtime Environment"/>
    <property name="sun.boot.library.path" value="C:\Program Files\Java\jdk1.8.0_172\jre\bin"/>
    <property name="java.vm.version" value="25.172-b11"/>
    <property name="java.vm.vendor" value="Oracle Corporation"/>
    <property name="maven.multiModuleProjectDirectory" value="C:\Users\denisr\sk\mobile-id-java-client"/>
    <property name="java.vendor.url" value="http://java.oracle.com/"/>
    <property name="path.separator" value=";"/>
    <property name="guice.disable.misplaced.annotation.check" value="true"/>
    <property name="java.vm.name" value="Java HotSpot(TM) 64-Bit Server VM"/>
    <property name="file.encoding.pkg" value="sun.io"/>
    <property name="user.script" value=""/>
    <property name="user.country" value="US"/>
    <property name="sun.java.launcher" value="SUN_STANDARD"/>
    <property name="sun.os.patch.level" value=""/>
    <property name="java.vm.specification.name" value="Java Virtual Machine Specification"/>
    <property name="user.dir" value="C:\Users\denisr\sk\mobile-id-java-client"/>
    <property name="java.runtime.version" value="1.8.0_172-b11"/>
    <property name="java.awt.graphicsenv" value="sun.awt.Win32GraphicsEnvironment"/>
    <property name="java.endorsed.dirs" value="C:\Program Files\Java\jdk1.8.0_172\jre\lib\endorsed"/>
    <property name="os.arch" value="amd64"/>
    <property name="java.io.tmpdir" value="C:\Users\denisr\AppData\Local\Temp\"/>
    <property name="line.separator" value="
"/>
    <property name="java.vm.specification.vendor" value="Oracle Corporation"/>
    <property name="user.variant" value=""/>
    <property name="os.name" value="Windows 10"/>
    <property name="classworlds.conf" value="C:\Program Files\Apache\maven\bin\..\bin\m2.conf"/>
    <property name="sun.jnu.encoding" value="Cp1257"/>
    <property name="java.library.path" value="C:\Program Files\Java\jdk1.8.0_172\bin;C:\windows\Sun\Java\bin;C:\windows\system32;C:\windows;C:\Program Files (x86)\Common Files\Oracle\Java\javapath;C:\Program Files (x86)\Intel\Intel(R) Management Engine Components\iCLS\;C:\Program Files\Intel\Intel(R) Management Engine Components\iCLS\;C:\windows\system32;C:\windows;C:\windows\System32\Wbem;C:\windows\System32\WindowsPowerShell\v1.0\;C:\windows\System32\OpenSSH\;C:\Program Files (x86)\Intel\Intel(R) Management Engine Components\DAL;C:\Program Files\Intel\Intel(R) Management Engine Components\DAL;C:\Program Files (x86)\Intel\Intel(R) Management Engine Components\IPT;C:\Program Files\Intel\Intel(R) Management Engine Components\IPT;C:\Program Files\Intel\WiFi\bin\;C:\Program Files\Common Files\Intel\WirelessCommon\;C:\Program Files\Git\cmd;C:\Program Files\Apache\maven\bin;C:\Program Files\Apache\maven\bin;C:\Users\denisr\AppData\Local\Microsoft\WindowsApps;;."/>
    <property name="maven.conf" value="C:\Program Files\Apache\maven\bin\../conf"/>
    <property name="java.specification.name" value="Java Platform API Specification"/>
    <property name="java.class.version" value="52.0"/>
    <property name="sun.management.compiler" value="HotSpot 64-Bit Tiered Compilers"/>
    <property name="os.version" value="10.0"/>
    <property name="library.jansi.path" value="C:\Program Files\Apache\maven\bin\..\lib\jansi-native"/>
    <property name="user.home" value="C:\Users\denisr"/>
    <property name="user.timezone" value="Europe/Helsinki"/>
    <property name="java.awt.printerjob" value="sun.awt.windows.WPrinterJob"/>
    <property name="java.specification.version" value="1.8"/>
    <property name="file.encoding" value="Cp1257"/>
    <property name="user.name" value="denisr"/>
    <property name="java.class.path" value="C:\Program Files\Apache\maven\bin\..\boot\plexus-classworlds-2.5.2.jar"/>
    <property name="java.vm.specification.version" value="1.8"/>
    <property name="sun.arch.data.model" value="64"/>
    <property name="java.home" value="C:\Program Files\Java\jdk1.8.0_172\jre"/>
    <property name="sun.java.command" value="org.codehaus.plexus.classworlds.launcher.Launcher clean package"/>
    <property name="java.specification.vendor" value="Oracle Corporation"/>
    <property name="user.language" value="en"/>
    <property name="awt.toolkit" value="sun.awt.windows.WToolkit"/>
    <property name="java.vm.info" value="mixed mode"/>
    <property name="java.version" value="1.8.0_172"/>
    <property name="java.ext.dirs" value="C:\Program Files\Java\jdk1.8.0_172\jre\lib\ext;C:\windows\Sun\Java\lib\ext"/>
    <property name="sun.boot.class.path" value="C:\Program Files\Java\jdk1.8.0_172\jre\lib\resources.jar;C:\Program Files\Java\jdk1.8.0_172\jre\lib\rt.jar;C:\Program Files\Java\jdk1.8.0_172\jre\lib\sunrsasign.jar;C:\Program Files\Java\jdk1.8.0_172\jre\lib\jsse.jar;C:\Program Files\Java\jdk1.8.0_172\jre\lib\jce.jar;C:\Program Files\Java\jdk1.8.0_172\jre\lib\charsets.jar;C:\Program Files\Java\jdk1.8.0_172\jre\lib\jfr.jar;C:\Program Files\Java\jdk1.8.0_172\jre\classes"/>
    <property name="sun.stderr.encoding" value="cp775"/>
    <property name="java.vendor" value="Oracle Corporation"/>
    <property name="maven.home" value="C:\Program Files\Apache\maven\bin\.."/>
    <property name="file.separator" value="\"/>
    <property name="java.vendor.url.bug" value="http://bugreport.sun.com/bugreport/"/>
    <property name="sun.cpu.endian" value="little"/>
    <property name="sun.io.unicode.encoding" value="UnicodeLittle"/>
    <property name="sun.stdout.encoding" value="cp775"/>
    <property name="sun.desktop" value="windows"/>
    <property name="sun.cpu.isalist" value="amd64"/>
  </properties>
  <testcase classname="ee.sk.mid.MobileIdClientTest" name="authenticate_withWrongAuthenticationParams_shouldThrowException" time="1.172"/>
  <testcase classname="ee.sk.mid.MobileIdClientTest" name="authenticate_whenMIDNotReady_shouldThrowException" time="0.168">
    <error message="Unexpected exception, expected&lt;ee.sk.mid.exception.MIDNotReadyException&gt; but was&lt;javax.ws.rs.client.ResponseProcessingException&gt;" type="java.lang.Exception">java.lang.Exception: Unexpected exception, expected&lt;ee.sk.mid.exception.MIDNotReadyException&gt; but was&lt;javax.ws.rs.client.ResponseProcessingException&gt;
	at org.junit.internal.runners.statements.ExpectException.evaluate(ExpectException.java:28)
	at org.junit.internal.runners.statements.RunBefores.evaluate(RunBefores.java:26)
	at com.github.tomakehurst.wiremock.junit.WireMockRule$1.evaluate(WireMockRule.java:72)
	at org.junit.rules.RunRules.evaluate(RunRules.java:20)
	at org.junit.runners.ParentRunner.runLeaf(ParentRunner.java:325)
	at org.junit.runners.BlockJUnit4ClassRunner.runChild(BlockJUnit4ClassRunner.java:78)
	at org.junit.runners.BlockJUnit4ClassRunner.runChild(BlockJUnit4ClassRunner.java:57)
	at org.junit.runners.ParentRunner$3.run(ParentRunner.java:290)
	at org.junit.runners.ParentRunner$1.schedule(ParentRunner.java:71)
	at org.junit.runners.ParentRunner.runChildren(ParentRunner.java:288)
	at org.junit.runners.ParentRunner.access$000(ParentRunner.java:58)
	at org.junit.runners.ParentRunner$2.evaluate(ParentRunner.java:268)
	at org.junit.runners.ParentRunner.run(ParentRunner.java:363)
	at org.apache.maven.surefire.junit4.JUnit4Provider.execute(JUnit4Provider.java:252)
	at org.apache.maven.surefire.junit4.JUnit4Provider.executeTestSet(JUnit4Provider.java:141)
	at org.apache.maven.surefire.junit4.JUnit4Provider.invoke(JUnit4Provider.java:112)
	at sun.reflect.NativeMethodAccessorImpl.invoke0(Native Method)
	at sun.reflect.NativeMethodAccessorImpl.invoke(NativeMethodAccessorImpl.java:62)
	at sun.reflect.DelegatingMethodAccessorImpl.invoke(DelegatingMethodAccessorImpl.java:43)
	at java.lang.reflect.Method.invoke(Method.java:498)
	at org.apache.maven.surefire.util.ReflectionUtils.invokeMethodWithArray(ReflectionUtils.java:189)
	at org.apache.maven.surefire.booter.ProviderFactory$ProviderProxy.invoke(ProviderFactory.java:165)
	at org.apache.maven.surefire.booter.ProviderFactory.invokeProvider(ProviderFactory.java:85)
	at org.apache.maven.surefire.booter.ForkedBooter.runSuitesInProcess(ForkedBooter.java:115)
	at org.apache.maven.surefire.booter.ForkedBooter.main(ForkedBooter.java:75)
Caused by: javax.ws.rs.client.ResponseProcessingException: com.fasterxml.jackson.databind.JsonMappingException: Can not instantiate value of type [simple type, class ee.sk.mid.rest.dao.SessionCertificate] from String value (&apos;MIIHhjCCBW6gAwIBAgIQDNYLtVwrKURYStrYApYViTANBgkqhkiG9w0BAQsFADBoMQswCQYDVQQGEwJFRTEiMCAGA1UECgwZQVMgU2VydGlmaXRzZWVyaW1pc2tlc2t1czEXMBUGA1UEYQwOTlRSRUUtMTA3NDcwMTMxHDAaBgNVBAMME1RFU1Qgb2YgRUlELVNLIDIwMTYwHhcNMTYxMjA5MTYyNDU2WhcNMTkxMjA5MTYyNDU2WjCBvzELMAkGA1UEBhMCRUUxIjAgBgNVBAoMGUFTIFNlcnRpZml0c2VlcmltaXNrZXNrdXMxGjAYBgNVBAsMEWRpZ2l0YWwgc2lnbmF0dXJlMS0wKwYDVQQDDCRFTEZSSUlEQSxNQU5JVkFMREUsUE5PRUUtMzExMTExMTExMTExETAPBgNVBAQMCEVMRlJJSURBMRIwEAYDVQQqDAlNQU5JVkFMREUxGjAYBgNVBAUTEVBOT0VFLTMxMTExMTExMTExMIICIjANBgkqhkiG9w0BAQEFAAOCAg8AMIICCgKCAgEAgcfk+eY6dvVyDDPpJPkoKpQ08pQx5Jpfjgq+G31lRSsx03y4WYWQhILu5R4isI6DGzQ1MK2dEsW9Dl+S39y7mDDqGlviVpxCtgz14H7NG84ew8vd+sBeaYCvEhKS4+FxRWCmg5VCozr3s2Evi/ao3Wj51ThtecVmAY7PoE27Zckr0GJ/0I+JqEQx19POBr/lNkZN1AxBy8O9gvDzdpCa2Vn9qahY9eZnDGScrP2KsR34UlXa5PjEMVPtSB4btPi9VOQuRoZImGchfUyf1A2uyIPhV5aC+Zgl60B65WxZ+/nEsVN4NoSgBUv+HlwuRxJPelQKeA9tPwKroqO9PGc5/ee2C1HLH7loD+SwahSPMOY2e8CQd6pLmRF1a/H+ZPWZBW+U7Ekm3YeNNJToUkuonAQB/JbwBvHkZXwsH4/kMHyMPiws5G3nr/jyqF2595KKghIgjGHR1WhGljQzdgO5LT4uuOhesGDRYeMUanvClWSb/mt0SdS8njziY7WoYPYFFFgjRvIIK5FgOd8d2W88I5pj2/SjcXb6GMqEqI3HkCBGPDSo57nSJZzJD8KjJs/4jvzZnGwCFZ8+jeyh562B01mkFfwFaoFOYfqRG3g5sGdZUdY9Nk3FZ8dgEwylUMSxmaL0R2/mzNVasFWp482eHwlK2rae3v+QtCHGfOKn+vsCAwEAAaOCAdIwggHOMAkGA1UdEwQCMAAwDgYDVR0PAQH/BAQDAgZAMFYGA1UdIARPME0wQAYKKwYBBAHOHwMRAjAyMDAGCCsGAQUFBwIBFiRodHRwczovL3d3dy5zay5lZS9lbi9yZXBvc2l0b3J5L0NQUy8wCQYHBACL7EABATAdBgNVHQ4EFgQUNxW1gjoB4+Qh46Rj3SuULubhtUMwgZkGCCsGAQUFBwEDBIGMMIGJMAgGBgQAjkYBATAVBggrBgEFBQcLAjAJBgcEAIvsSQEBMBMGBgQAjkYBBjAJBgcEAI5GAQYBMFEGBgQAjkYBBTBHMEUWP2h0dHBzOi8vc2suZWUvZW4vcmVwb3NpdG9yeS9jb25kaXRpb25zLWZvci11c2Utb2YtY2VydGlmaWNhdGVzLxMCRU4wHwYDVR0jBBgwFoAUrrDq4Tb4JqulzAtmVf46HQK/ErQwfQYIKwYBBQUHAQEEcTBvMCkGCCsGAQUFBzABhh1odHRwOi8vYWlhLmRlbW8uc2suZWUvZWlkMjAxNjBCBggrBgEFBQcwAoY2aHR0cHM6Ly9zay5lZS91cGxvYWQvZmlsZXMvVEVTVF9vZl9FSUQtU0tfMjAxNi5kZXIuY3J0MA0GCSqGSIb3DQEBCwUAA4ICAQCH+SY8KKgw5UDlVL99ToRWPpcloyfOM64UTnNgEDXDDI5r1CNNA0OlggzoEZfakNQJamHjIT287LV7nXFsB4Q9VzyI3H1J5mzVIZrMUiE68wf25BDuA3Zwpri+f8Me78f3nowO2cJ2AiMJ83vQFKKy1LFOixWguuxioKlda2Jq7B57ty5cN+jZwLO7Vrv4Tryg9QeOaxnFvHvuZaxMnE55of7cLpfyAH/5DKvlXx4cdmh7kNO4F/o2LT7om4Cf+Sq6tFS3cUn4zcQbFKT5lw+7vfewzG6X0qYnHbe7Ts/zhh7IJpHnPF1p23ND0+jHgbcDVTFjV4pN1PhVthYHOMeDW461okw2OA/jfuQetUlDwqT5yCdjrOTMDkjZCjTMhcVPzw+7hSUUnewKiR0smuyZbKpE/ZGZWUA6K0sieGCpHGKJo99zD3zmEWmOmq++D0TmVvEiXVJs8fuNWl+VmXSStkMeNR4noHAL1PFUebXVS0lPpQZzBKgqhMGAgbwvYajZnOlvXVll6QashxFZmOVNy88O67s+a2p1SmQTtqNrlodszqkKsc28nDbbvBUd4PUD5tmVgPe29Zwnm1TxFuhl0gqvVc+qZme8zq6yd3nCKNrY6qron4Xcc1rxCWS7NcyO5JiF+qXgAuDOkSFJaaEnQh83ZJsNneXD/nyBH8kSiQ==&apos;); no single-String constructor/factory method
 at [Source: org.glassfish.jersey.message.internal.ReaderInterceptorExecutor$UnCloseableInputStream@7bc02941; line: 7, column: 4] (through reference chain: ee.sk.mid.rest.dao.SessionStatus[&quot;cert&quot;])
	at org.glassfish.jersey.client.JerseyInvocation.translate(JerseyInvocation.java:809)
	at org.glassfish.jersey.client.JerseyInvocation.access$700(JerseyInvocation.java:92)
	at org.glassfish.jersey.client.JerseyInvocation$2.call(JerseyInvocation.java:701)
	at org.glassfish.jersey.internal.Errors.process(Errors.java:315)
	at org.glassfish.jersey.internal.Errors.process(Errors.java:297)
	at org.glassfish.jersey.internal.Errors.process(Errors.java:228)
	at org.glassfish.jersey.process.internal.RequestScope.runInScope(RequestScope.java:444)
	at org.glassfish.jersey.client.JerseyInvocation.invoke(JerseyInvocation.java:697)
	at org.glassfish.jersey.client.JerseyInvocation$Builder.method(JerseyInvocation.java:420)
	at org.glassfish.jersey.client.JerseyInvocation$Builder.get(JerseyInvocation.java:316)
	at ee.sk.mid.rest.MobileIdRestConnector.getSessionStatus(MobileIdRestConnector.java:60)
	at ee.sk.mid.rest.SessionStatusPoller.pollSessionStatus(SessionStatusPoller.java:57)
	at ee.sk.mid.rest.SessionStatusPoller.pollForFinalSessionStatus(SessionStatusPoller.java:43)
	at ee.sk.mid.rest.SessionStatusPoller.fetchFinalSessionStatus(SessionStatusPoller.java:31)
	at ee.sk.mid.AuthenticationRequestBuilder.authenticate(AuthenticationRequestBuilder.java:70)
	at ee.sk.mid.MobileIdClientTest.makeAuthenticationRequest(MobileIdClientTest.java:225)
	at ee.sk.mid.MobileIdClientTest.authenticate_whenMIDNotReady_shouldThrowException(MobileIdClientTest.java:116)
	at sun.reflect.NativeMethodAccessorImpl.invoke0(Native Method)
	at sun.reflect.NativeMethodAccessorImpl.invoke(NativeMethodAccessorImpl.java:62)
	at sun.reflect.DelegatingMethodAccessorImpl.invoke(DelegatingMethodAccessorImpl.java:43)
	at java.lang.reflect.Method.invoke(Method.java:498)
	at org.junit.runners.model.FrameworkMethod$1.runReflectiveCall(FrameworkMethod.java:50)
	at org.junit.internal.runners.model.ReflectiveCallable.run(ReflectiveCallable.java:12)
	at org.junit.runners.model.FrameworkMethod.invokeExplosively(FrameworkMethod.java:47)
	at org.junit.internal.runners.statements.InvokeMethod.evaluate(InvokeMethod.java:17)
	at org.junit.internal.runners.statements.ExpectException.evaluate(ExpectException.java:19)
	... 24 more
Caused by: com.fasterxml.jackson.databind.JsonMappingException: Can not instantiate value of type [simple type, class ee.sk.mid.rest.dao.SessionCertificate] from String value (&apos;MIIHhjCCBW6gAwIBAgIQDNYLtVwrKURYStrYApYViTANBgkqhkiG9w0BAQsFADBoMQswCQYDVQQGEwJFRTEiMCAGA1UECgwZQVMgU2VydGlmaXRzZWVyaW1pc2tlc2t1czEXMBUGA1UEYQwOTlRSRUUtMTA3NDcwMTMxHDAaBgNVBAMME1RFU1Qgb2YgRUlELVNLIDIwMTYwHhcNMTYxMjA5MTYyNDU2WhcNMTkxMjA5MTYyNDU2WjCBvzELMAkGA1UEBhMCRUUxIjAgBgNVBAoMGUFTIFNlcnRpZml0c2VlcmltaXNrZXNrdXMxGjAYBgNVBAsMEWRpZ2l0YWwgc2lnbmF0dXJlMS0wKwYDVQQDDCRFTEZSSUlEQSxNQU5JVkFMREUsUE5PRUUtMzExMTExMTExMTExETAPBgNVBAQMCEVMRlJJSURBMRIwEAYDVQQqDAlNQU5JVkFMREUxGjAYBgNVBAUTEVBOT0VFLTMxMTExMTExMTExMIICIjANBgkqhkiG9w0BAQEFAAOCAg8AMIICCgKCAgEAgcfk+eY6dvVyDDPpJPkoKpQ08pQx5Jpfjgq+G31lRSsx03y4WYWQhILu5R4isI6DGzQ1MK2dEsW9Dl+S39y7mDDqGlviVpxCtgz14H7NG84ew8vd+sBeaYCvEhKS4+FxRWCmg5VCozr3s2Evi/ao3Wj51ThtecVmAY7PoE27Zckr0GJ/0I+JqEQx19POBr/lNkZN1AxBy8O9gvDzdpCa2Vn9qahY9eZnDGScrP2KsR34UlXa5PjEMVPtSB4btPi9VOQuRoZImGchfUyf1A2uyIPhV5aC+Zgl60B65WxZ+/nEsVN4NoSgBUv+HlwuRxJPelQKeA9tPwKroqO9PGc5/ee2C1HLH7loD+SwahSPMOY2e8CQd6pLmRF1a/H+ZPWZBW+U7Ekm3YeNNJToUkuonAQB/JbwBvHkZXwsH4/kMHyMPiws5G3nr/jyqF2595KKghIgjGHR1WhGljQzdgO5LT4uuOhesGDRYeMUanvClWSb/mt0SdS8njziY7WoYPYFFFgjRvIIK5FgOd8d2W88I5pj2/SjcXb6GMqEqI3HkCBGPDSo57nSJZzJD8KjJs/4jvzZnGwCFZ8+jeyh562B01mkFfwFaoFOYfqRG3g5sGdZUdY9Nk3FZ8dgEwylUMSxmaL0R2/mzNVasFWp482eHwlK2rae3v+QtCHGfOKn+vsCAwEAAaOCAdIwggHOMAkGA1UdEwQCMAAwDgYDVR0PAQH/BAQDAgZAMFYGA1UdIARPME0wQAYKKwYBBAHOHwMRAjAyMDAGCCsGAQUFBwIBFiRodHRwczovL3d3dy5zay5lZS9lbi9yZXBvc2l0b3J5L0NQUy8wCQYHBACL7EABATAdBgNVHQ4EFgQUNxW1gjoB4+Qh46Rj3SuULubhtUMwgZkGCCsGAQUFBwEDBIGMMIGJMAgGBgQAjkYBATAVBggrBgEFBQcLAjAJBgcEAIvsSQEBMBMGBgQAjkYBBjAJBgcEAI5GAQYBMFEGBgQAjkYBBTBHMEUWP2h0dHBzOi8vc2suZWUvZW4vcmVwb3NpdG9yeS9jb25kaXRpb25zLWZvci11c2Utb2YtY2VydGlmaWNhdGVzLxMCRU4wHwYDVR0jBBgwFoAUrrDq4Tb4JqulzAtmVf46HQK/ErQwfQYIKwYBBQUHAQEEcTBvMCkGCCsGAQUFBzABhh1odHRwOi8vYWlhLmRlbW8uc2suZWUvZWlkMjAxNjBCBggrBgEFBQcwAoY2aHR0cHM6Ly9zay5lZS91cGxvYWQvZmlsZXMvVEVTVF9vZl9FSUQtU0tfMjAxNi5kZXIuY3J0MA0GCSqGSIb3DQEBCwUAA4ICAQCH+SY8KKgw5UDlVL99ToRWPpcloyfOM64UTnNgEDXDDI5r1CNNA0OlggzoEZfakNQJamHjIT287LV7nXFsB4Q9VzyI3H1J5mzVIZrMUiE68wf25BDuA3Zwpri+f8Me78f3nowO2cJ2AiMJ83vQFKKy1LFOixWguuxioKlda2Jq7B57ty5cN+jZwLO7Vrv4Tryg9QeOaxnFvHvuZaxMnE55of7cLpfyAH/5DKvlXx4cdmh7kNO4F/o2LT7om4Cf+Sq6tFS3cUn4zcQbFKT5lw+7vfewzG6X0qYnHbe7Ts/zhh7IJpHnPF1p23ND0+jHgbcDVTFjV4pN1PhVthYHOMeDW461okw2OA/jfuQetUlDwqT5yCdjrOTMDkjZCjTMhcVPzw+7hSUUnewKiR0smuyZbKpE/ZGZWUA6K0sieGCpHGKJo99zD3zmEWmOmq++D0TmVvEiXVJs8fuNWl+VmXSStkMeNR4noHAL1PFUebXVS0lPpQZzBKgqhMGAgbwvYajZnOlvXVll6QashxFZmOVNy88O67s+a2p1SmQTtqNrlodszqkKsc28nDbbvBUd4PUD5tmVgPe29Zwnm1TxFuhl0gqvVc+qZme8zq6yd3nCKNrY6qron4Xcc1rxCWS7NcyO5JiF+qXgAuDOkSFJaaEnQh83ZJsNneXD/nyBH8kSiQ==&apos;); no single-String constructor/factory method
 at [Source: org.glassfish.jersey.message.internal.ReaderInterceptorExecutor$UnCloseableInputStream@7bc02941; line: 7, column: 4] (through reference chain: ee.sk.mid.rest.dao.SessionStatus[&quot;cert&quot;])
	at com.fasterxml.jackson.databind.JsonMappingException.from(JsonMappingException.java:148)
	at com.fasterxml.jackson.databind.DeserializationContext.mappingException(DeserializationContext.java:875)
	at com.fasterxml.jackson.databind.deser.ValueInstantiator._createFromStringFallbacks(ValueInstantiator.java:281)
	at com.fasterxml.jackson.databind.deser.std.StdValueInstantiator.createFromString(StdValueInstantiator.java:284)
	at com.fasterxml.jackson.databind.deser.BeanDeserializerBase.deserializeFromString(BeanDeserializerBase.java:1176)
	at com.fasterxml.jackson.databind.deser.BeanDeserializer._deserializeOther(BeanDeserializer.java:143)
	at com.fasterxml.jackson.databind.deser.BeanDeserializer.deserialize(BeanDeserializer.java:134)
	at com.fasterxml.jackson.databind.deser.SettableBeanProperty.deserialize(SettableBeanProperty.java:520)
	at com.fasterxml.jackson.databind.deser.impl.MethodProperty.deserializeAndSet(MethodProperty.java:95)
	at com.fasterxml.jackson.databind.deser.BeanDeserializer.vanillaDeserialize(BeanDeserializer.java:256)
	at com.fasterxml.jackson.databind.deser.BeanDeserializer.deserialize(BeanDeserializer.java:125)
	at com.fasterxml.jackson.databind.ObjectReader._bind(ObjectReader.java:1470)
	at com.fasterxml.jackson.databind.ObjectReader.readValue(ObjectReader.java:912)
	at com.fasterxml.jackson.jaxrs.base.ProviderBase.readFrom(ProviderBase.java:810)
	at org.glassfish.jersey.message.internal.ReaderInterceptorExecutor$TerminalReaderInterceptor.invokeReadFrom(ReaderInterceptorExecutor.java:256)
	at org.glassfish.jersey.message.internal.ReaderInterceptorExecutor$TerminalReaderInterceptor.aroundReadFrom(ReaderInterceptorExecutor.java:235)
	at org.glassfish.jersey.message.internal.ReaderInterceptorExecutor.proceed(ReaderInterceptorExecutor.java:155)
	at org.glassfish.jersey.message.internal.MessageBodyFactory.readFrom(MessageBodyFactory.java:1085)
	at org.glassfish.jersey.message.internal.InboundMessageContext.readEntity(InboundMessageContext.java:874)
	at org.glassfish.jersey.message.internal.InboundMessageContext.readEntity(InboundMessageContext.java:808)
	at org.glassfish.jersey.client.ClientResponse.readEntity(ClientResponse.java:326)
	at org.glassfish.jersey.client.JerseyInvocation.translate(JerseyInvocation.java:806)
	... 49 more
</error>
    <system-out>21.09.2018 17:37:06.783 INFO  [main] [org.eclipse.jetty.server.Server.doStart:327] - jetty-9.2.13.v20150730
21.09.2018 17:37:06.784 INFO  [main] [o.e.j.server.handler.ContextHandler.doStart:744] - Started o.e.j.s.ServletContextHandler@3e71b1a4{/__admin,null,AVAILABLE}
21.09.2018 17:37:06.784 INFO  [main] [o.e.j.server.handler.ContextHandler.doStart:744] - Started o.e.j.s.ServletContextHandler@5253aa21{/,null,AVAILABLE}
21.09.2018 17:37:06.786 INFO  [main] [o.e.jetty.server.ServerConnector.doStart:266] - Started ServerConnector@619cdd5e{HTTP/1.1}{0.0.0.0:18089}
21.09.2018 17:37:06.787 INFO  [main] [org.eclipse.jetty.server.Server.doStart:379] - Started @2587ms
21.09.2018 17:37:06.798 INFO  [qtp1790139619-29] [/__admin.log:2052] - RequestHandlerClass from context returned com.github.tomakehurst.wiremock.http.AdminRequestHandler. Normalized mapped under returned &apos;null&apos;
21.09.2018 17:37:06.866 DEBUG [main] [ee.sk.mid.rest.SessionStatusPoller.setPollingSleepTime:119] - Polling sleep time is 1 SECONDS
21.09.2018 17:37:06.867 DEBUG [main] [e.s.mid.AuthenticationRequestBuilder.&lt;init&gt;:20] - Instantiating authentication request builder
21.09.2018 17:37:06.867 DEBUG [main] [ee.sk.mid.rest.MobileIdRestConnector.authenticate:43] - Authenticating for phone number +37200007
21.09.2018 17:37:06.881 DEBUG [main] [ee.sk.mid.rest.LoggingFilter.logUrl:58] - POST http://localhost:18089/mid-api/authentication
21.09.2018 17:37:06.881 TRACE [main] [ee.sk.mid.rest.LoggingFilter.logHeaders:64] - Request headers: {Accept=[application/json], Content-Type=[application/json]}
21.09.2018 17:37:06.883 TRACE [main] [ee.sk.mid.rest.LoggingFilter.logRequestBody:98] - Message body: {&quot;relyingPartyUUID&quot;:&quot;e8189051-5634-4fbe-a6e8-fe1b9a9ef445&quot;,&quot;relyingPartyName&quot;:&quot;ToomasBank&quot;,&quot;phoneNumber&quot;:&quot;+37200007&quot;,&quot;nationalIdentityNumber&quot;:&quot;14212128025&quot;,&quot;hash&quot;:&quot;K74MSLkafRuKZ1Ooucvh2xa4Q3nz+R/hFWIShN96SPHNcem+uQ6mFMe9kkJQqp5EaoZnJeaFpl310TmlzRgNyQ==&quot;,&quot;hashType&quot;:&quot;SHA512&quot;,&quot;language&quot;:&quot;EST&quot;}
21.09.2018 17:37:06.885 INFO  [qtp1790139619-30] [/.log:2052] - RequestHandlerClass from context returned com.github.tomakehurst.wiremock.http.StubRequestHandler. Normalized mapped under returned &apos;null&apos;
21.09.2018 17:37:06.894 DEBUG [main] [ee.sk.mid.rest.LoggingFilter.filter:40] - Response status: 200 - OK
21.09.2018 17:37:06.895 TRACE [main] [ee.sk.mid.rest.LoggingFilter.logResponseBody:80] - Response body: {
  &quot;sessionID&quot;: &quot;1dcc1600-29a6-4e95-a95c-d69b31febcfb&quot;
}
21.09.2018 17:37:06.908 DEBUG [main] [ee.sk.mid.rest.SessionStatusPoller.fetchFinalSessionStatus:29] - Starting to poll session status for session 1dcc1600-29a6-4e95-a95c-d69b31febcfb
21.09.2018 17:37:06.909 DEBUG [main] [ee.sk.mid.rest.SessionStatusPoller.pollSessionStatus:55] - Polling session status
21.09.2018 17:37:06.909 DEBUG [main] [ee.sk.mid.rest.MobileIdRestConnector.getSessionStatus:53] - Getting session status for 1dcc1600-29a6-4e95-a95c-d69b31febcfb
21.09.2018 17:37:06.925 DEBUG [main] [ee.sk.mid.rest.LoggingFilter.logUrl:58] - GET http://localhost:18089/mid-api/authentication/session/1dcc1600-29a6-4e95-a95c-d69b31febcfb
21.09.2018 17:37:06.926 TRACE [main] [ee.sk.mid.rest.LoggingFilter.logHeaders:64] - Request headers: {Accept=[application/json]}
21.09.2018 17:37:06.932 DEBUG [main] [ee.sk.mid.rest.LoggingFilter.filter:40] - Response status: 200 - OK
21.09.2018 17:37:06.933 TRACE [main] [ee.sk.mid.rest.LoggingFilter.logResponseBody:80] - Response body: {
  &quot;state&quot;: &quot;COMPLETE&quot;,
  &quot;result&quot;: &quot;OK&quot;,
  &quot;signature&quot;: {
    &quot;value&quot;: &quot;luvjsi1+1iLN9yfDFEh/BE8hXtAKhAIxilv0SEk8Qk0yoM9ms/Qsq6OtFoTFZfmpZNQtmEDg6ADeVNUfZrAoozSbqGggNP9pZLv0pQ6fvkoUjV0XI3FP5PuICuRp0vfC2w024cG/Rw2XGfZTcDWZ3IWVaS/C9tqbvA7l0Ssa8W9wUit2H5msNMyyviHJFW7m9yfjdMZe9ebPw9HGSHjnRGbzl7myUIZyWtlD5mqnk/tcU13+lD6DBYkGSW5eu125W1BMojH3sIRrKhEdZxkgwtg6KEuWQ85OQBMF3X5zFB62caKqKo42HfV74EcbaBChhJ32226VZju+JKN9D+WUeQ==&quot;,
    &quot;algorithm&quot;: &quot;sha256WithRSAEncryption&quot;
  },
  &quot;cert&quot;: &quot;MIIHhjCCBW6gAwIBAgIQDNYLtVwrKURYStrYApYViTANBgkqhkiG9w0BAQsFADBoMQswCQYDVQQGEwJFRTEiMCAGA1UECgwZQVMgU2VydGlmaXRzZWVyaW1pc2tlc2t1czEXMBUGA1UEYQwOTlRSRUUtMTA3NDcwMTMxHDAaBgNVBAMME1RFU1Qgb2YgRUlELVNLIDIwMTYwHhcNMTYxMjA5MTYyNDU2WhcNMTkxMjA5MTYyNDU2WjCBvzELMAkGA1UEBhMCRUUxIjAgBgNVBAoMGUFTIFNlcnRpZml0c2VlcmltaXNrZXNrdXMxGjAYBgNVBAsMEWRpZ2l0YWwgc2lnbmF0dXJlMS0wKwYDVQQDDCRFTEZSSUlEQSxNQU5JVkFMREUsUE5PRUUtMzExMTExMTExMTExETAPBgNVBAQMCEVMRlJJSURBMRIwEAYDVQQqDAlNQU5JVkFMREUxGjAYBgNVBAUTEVBOT0VFLTMxMTExMTExMTExMIICIjANBgkqhkiG9w0BAQEFAAOCAg8AMIICCgKCAgEAgcfk+eY6dvVyDDPpJPkoKpQ08pQx5Jpfjgq+G31lRSsx03y4WYWQhILu5R4isI6DGzQ1MK2dEsW9Dl+S39y7mDDqGlviVpxCtgz14H7NG84ew8vd+sBeaYCvEhKS4+FxRWCmg5VCozr3s2Evi/ao3Wj51ThtecVmAY7PoE27Zckr0GJ/0I+JqEQx19POBr/lNkZN1AxBy8O9gvDzdpCa2Vn9qahY9eZnDGScrP2KsR34UlXa5PjEMVPtSB4btPi9VOQuRoZImGchfUyf1A2uyIPhV5aC+Zgl60B65WxZ+/nEsVN4NoSgBUv+HlwuRxJPelQKeA9tPwKroqO9PGc5/ee2C1HLH7loD+SwahSPMOY2e8CQd6pLmRF1a/H+ZPWZBW+U7Ekm3YeNNJToUkuonAQB/JbwBvHkZXwsH4/kMHyMPiws5G3nr/jyqF2595KKghIgjGHR1WhGljQzdgO5LT4uuOhesGDRYeMUanvClWSb/mt0SdS8njziY7WoYPYFFFgjRvIIK5FgOd8d2W88I5pj2/SjcXb6GMqEqI3HkCBGPDSo57nSJZzJD8KjJs/4jvzZnGwCFZ8+jeyh562B01mkFfwFaoFOYfqRG3g5sGdZUdY9Nk3FZ8dgEwylUMSxmaL0R2/mzNVasFWp482eHwlK2rae3v+QtCHGfOKn+vsCAwEAAaOCAdIwggHOMAkGA1UdEwQCMAAwDgYDVR0PAQH/BAQDAgZAMFYGA1UdIARPME0wQAYKKwYBBAHOHwMRAjAyMDAGCCsGAQUFBwIBFiRodHRwczovL3d3dy5zay5lZS9lbi9yZXBvc2l0b3J5L0NQUy8wCQYHBACL7EABATAdBgNVHQ4EFgQUNxW1gjoB4+Qh46Rj3SuULubhtUMwgZkGCCsGAQUFBwEDBIGMMIGJMAgGBgQAjkYBATAVBggrBgEFBQcLAjAJBgcEAIvsSQEBMBMGBgQAjkYBBjAJBgcEAI5GAQYBMFEGBgQAjkYBBTBHMEUWP2h0dHBzOi8vc2suZWUvZW4vcmVwb3NpdG9yeS9jb25kaXRpb25zLWZvci11c2Utb2YtY2VydGlmaWNhdGVzLxMCRU4wHwYDVR0jBBgwFoAUrrDq4Tb4JqulzAtmVf46HQK/ErQwfQYIKwYBBQUHAQEEcTBvMCkGCCsGAQUFBzABhh1odHRwOi8vYWlhLmRlbW8uc2suZWUvZWlkMjAxNjBCBggrBgEFBQcwAoY2aHR0cHM6Ly9zay5lZS91cGxvYWQvZmlsZXMvVEVTVF9vZl9FSUQtU0tfMjAxNi5kZXIuY3J0MA0GCSqGSIb3DQEBCwUAA4ICAQCH+SY8KKgw5UDlVL99ToRWPpcloyfOM64UTnNgEDXDDI5r1CNNA0OlggzoEZfakNQJamHjIT287LV7nXFsB4Q9VzyI3H1J5mzVIZrMUiE68wf25BDuA3Zwpri+f8Me78f3nowO2cJ2AiMJ83vQFKKy1LFOixWguuxioKlda2Jq7B57ty5cN+jZwLO7Vrv4Tryg9QeOaxnFvHvuZaxMnE55of7cLpfyAH/5DKvlXx4cdmh7kNO4F/o2LT7om4Cf+Sq6tFS3cUn4zcQbFKT5lw+7vfewzG6X0qYnHbe7Ts/zhh7IJpHnPF1p23ND0+jHgbcDVTFjV4pN1PhVthYHOMeDW461okw2OA/jfuQetUlDwqT5yCdjrOTMDkjZCjTMhcVPzw+7hSUUnewKiR0smuyZbKpE/ZGZWUA6K0sieGCpHGKJo99zD3zmEWmOmq++D0TmVvEiXVJs8fuNWl+VmXSStkMeNR4noHAL1PFUebXVS0lPpQZzBKgqhMGAgbwvYajZnOlvXVll6QashxFZmOVNy88O67s+a2p1SmQTtqNrlodszqkKsc28nDbbvBUd4PUD5tmVgPe29Zwnm1TxFuhl0gqvVc+qZme8zq6yd3nCKNrY6qron4Xcc1rxCWS7NcyO5JiF+qXgAuDOkSFJaaEnQh83ZJsNneXD/nyBH8kSiQ==&quot;
}
21.09.2018 17:37:06.939 INFO  [main] [o.e.jetty.server.ServerConnector.doStop:306] - Stopped ServerConnector@619cdd5e{HTTP/1.1}{0.0.0.0:18089}
21.09.2018 17:37:06.940 INFO  [main] [o.e.j.server.handler.ContextHandler.doStop:865] - Stopped o.e.j.s.ServletContextHandler@5253aa21{/,null,UNAVAILABLE}
21.09.2018 17:37:06.940 INFO  [main] [o.e.j.server.handler.ContextHandler.doStop:865] - Stopped o.e.j.s.ServletContextHandler@3e71b1a4{/__admin,null,UNAVAILABLE}
21.09.2018 17:37:06.940 WARN  [main] [o.e.j.util.thread.QueuedThreadPool.doStop:178] - qtp1790139619{STOPPING,8&lt;=8&lt;=10,i=5,q=6} Couldn&apos;t stop Thread[qtp1790139619-25,5,]
21.09.2018 17:37:06.941 WARN  [main] [o.e.j.util.thread.QueuedThreadPool.doStop:178] - qtp1790139619{STOPPING,8&lt;=8&lt;=10,i=0,q=5} Couldn&apos;t stop Thread[qtp1790139619-26,5,]
</system-out>
  </testcase>
  <testcase classname="ee.sk.mid.MobileIdClientTest" name="authenticate_whenNotMIDClient_shouldThrowException" time="0.112">
    <error message="Unexpected exception, expected&lt;ee.sk.mid.exception.NotMIDClientException&gt; but was&lt;ee.sk.mid.exception.TechnicalErrorException&gt;" type="java.lang.Exception">java.lang.Exception: Unexpected exception, expected&lt;ee.sk.mid.exception.NotMIDClientException&gt; but was&lt;ee.sk.mid.exception.TechnicalErrorException&gt;
	at org.junit.internal.runners.statements.ExpectException.evaluate(ExpectException.java:28)
	at org.junit.internal.runners.statements.RunBefores.evaluate(RunBefores.java:26)
	at com.github.tomakehurst.wiremock.junit.WireMockRule$1.evaluate(WireMockRule.java:72)
	at org.junit.rules.RunRules.evaluate(RunRules.java:20)
	at org.junit.runners.ParentRunner.runLeaf(ParentRunner.java:325)
	at org.junit.runners.BlockJUnit4ClassRunner.runChild(BlockJUnit4ClassRunner.java:78)
	at org.junit.runners.BlockJUnit4ClassRunner.runChild(BlockJUnit4ClassRunner.java:57)
	at org.junit.runners.ParentRunner$3.run(ParentRunner.java:290)
	at org.junit.runners.ParentRunner$1.schedule(ParentRunner.java:71)
	at org.junit.runners.ParentRunner.runChildren(ParentRunner.java:288)
	at org.junit.runners.ParentRunner.access$000(ParentRunner.java:58)
	at org.junit.runners.ParentRunner$2.evaluate(ParentRunner.java:268)
	at org.junit.runners.ParentRunner.run(ParentRunner.java:363)
	at org.apache.maven.surefire.junit4.JUnit4Provider.execute(JUnit4Provider.java:252)
	at org.apache.maven.surefire.junit4.JUnit4Provider.executeTestSet(JUnit4Provider.java:141)
	at org.apache.maven.surefire.junit4.JUnit4Provider.invoke(JUnit4Provider.java:112)
	at sun.reflect.NativeMethodAccessorImpl.invoke0(Native Method)
	at sun.reflect.NativeMethodAccessorImpl.invoke(NativeMethodAccessorImpl.java:62)
	at sun.reflect.DelegatingMethodAccessorImpl.invoke(DelegatingMethodAccessorImpl.java:43)
	at java.lang.reflect.Method.invoke(Method.java:498)
	at org.apache.maven.surefire.util.ReflectionUtils.invokeMethodWithArray(ReflectionUtils.java:189)
	at org.apache.maven.surefire.booter.ProviderFactory$ProviderProxy.invoke(ProviderFactory.java:165)
	at org.apache.maven.surefire.booter.ProviderFactory.invokeProvider(ProviderFactory.java:85)
	at org.apache.maven.surefire.booter.ForkedBooter.runSuitesInProcess(ForkedBooter.java:115)
	at org.apache.maven.surefire.booter.ForkedBooter.main(ForkedBooter.java:75)
Caused by: ee.sk.mid.exception.TechnicalErrorException: Session status end result is &apos;NOT_MIC_CLIENT&apos;
	at ee.sk.mid.rest.SessionStatusPoller.validateResult(SessionStatusPoller.java:114)
	at ee.sk.mid.rest.SessionStatusPoller.validateResult(SessionStatusPoller.java:76)
	at ee.sk.mid.rest.SessionStatusPoller.fetchFinalSessionStatus(SessionStatusPoller.java:32)
	at ee.sk.mid.AuthenticationRequestBuilder.authenticate(AuthenticationRequestBuilder.java:70)
	at ee.sk.mid.MobileIdClientTest.makeAuthenticationRequest(MobileIdClientTest.java:225)
	at ee.sk.mid.MobileIdClientTest.authenticate_whenNotMIDClient_shouldThrowException(MobileIdClientTest.java:98)
	at sun.reflect.NativeMethodAccessorImpl.invoke0(Native Method)
	at sun.reflect.NativeMethodAccessorImpl.invoke(NativeMethodAccessorImpl.java:62)
	at sun.reflect.DelegatingMethodAccessorImpl.invoke(DelegatingMethodAccessorImpl.java:43)
	at java.lang.reflect.Method.invoke(Method.java:498)
	at org.junit.runners.model.FrameworkMethod$1.runReflectiveCall(FrameworkMethod.java:50)
	at org.junit.internal.runners.model.ReflectiveCallable.run(ReflectiveCallable.java:12)
	at org.junit.runners.model.FrameworkMethod.invokeExplosively(FrameworkMethod.java:47)
	at org.junit.internal.runners.statements.InvokeMethod.evaluate(InvokeMethod.java:17)
	at org.junit.internal.runners.statements.ExpectException.evaluate(ExpectException.java:19)
	... 24 more
</error>
    <system-out>21.09.2018 17:37:06.947 INFO  [main] [org.eclipse.jetty.server.Server.doStart:327] - jetty-9.2.13.v20150730
21.09.2018 17:37:06.948 INFO  [main] [o.e.j.server.handler.ContextHandler.doStart:744] - Started o.e.j.s.ServletContextHandler@c2e9e33{/__admin,null,AVAILABLE}
21.09.2018 17:37:06.949 INFO  [main] [o.e.j.server.handler.ContextHandler.doStart:744] - Started o.e.j.s.ServletContextHandler@6bb7e609{/,null,AVAILABLE}
21.09.2018 17:37:06.950 INFO  [main] [o.e.jetty.server.ServerConnector.doStart:266] - Started ServerConnector@1310324a{HTTP/1.1}{0.0.0.0:18089}
21.09.2018 17:37:06.951 INFO  [main] [org.eclipse.jetty.server.Server.doStart:379] - Started @2752ms
21.09.2018 17:37:06.956 INFO  [qtp199358279-40] [/__admin.log:2052] - RequestHandlerClass from context returned com.github.tomakehurst.wiremock.http.AdminRequestHandler. Normalized mapped under returned &apos;null&apos;
21.09.2018 17:37:07.013 DEBUG [main] [ee.sk.mid.rest.SessionStatusPoller.setPollingSleepTime:119] - Polling sleep time is 1 SECONDS
21.09.2018 17:37:07.013 DEBUG [main] [e.s.mid.AuthenticationRequestBuilder.&lt;init&gt;:20] - Instantiating authentication request builder
21.09.2018 17:37:07.013 DEBUG [main] [ee.sk.mid.rest.MobileIdRestConnector.authenticate:43] - Authenticating for phone number +37200007
21.09.2018 17:37:07.032 DEBUG [main] [ee.sk.mid.rest.LoggingFilter.logUrl:58] - POST http://localhost:18089/mid-api/authentication
21.09.2018 17:37:07.032 TRACE [main] [ee.sk.mid.rest.LoggingFilter.logHeaders:64] - Request headers: {Accept=[application/json], Content-Type=[application/json]}
21.09.2018 17:37:07.034 TRACE [main] [ee.sk.mid.rest.LoggingFilter.logRequestBody:98] - Message body: {&quot;relyingPartyUUID&quot;:&quot;e8189051-5634-4fbe-a6e8-fe1b9a9ef445&quot;,&quot;relyingPartyName&quot;:&quot;ToomasBank&quot;,&quot;phoneNumber&quot;:&quot;+37200007&quot;,&quot;nationalIdentityNumber&quot;:&quot;14212128025&quot;,&quot;hash&quot;:&quot;K74MSLkafRuKZ1Ooucvh2xa4Q3nz+R/hFWIShN96SPHNcem+uQ6mFMe9kkJQqp5EaoZnJeaFpl310TmlzRgNyQ==&quot;,&quot;hashType&quot;:&quot;SHA512&quot;,&quot;language&quot;:&quot;EST&quot;}
21.09.2018 17:37:07.036 INFO  [qtp199358279-42] [/.log:2052] - RequestHandlerClass from context returned com.github.tomakehurst.wiremock.http.StubRequestHandler. Normalized mapped under returned &apos;null&apos;
21.09.2018 17:37:07.038 DEBUG [main] [ee.sk.mid.rest.LoggingFilter.filter:40] - Response status: 200 - OK
21.09.2018 17:37:07.038 TRACE [main] [ee.sk.mid.rest.LoggingFilter.logResponseBody:80] - Response body: {
  &quot;sessionID&quot;: &quot;1dcc1600-29a6-4e95-a95c-d69b31febcfb&quot;
}
21.09.2018 17:37:07.039 DEBUG [main] [ee.sk.mid.rest.SessionStatusPoller.fetchFinalSessionStatus:29] - Starting to poll session status for session 1dcc1600-29a6-4e95-a95c-d69b31febcfb
21.09.2018 17:37:07.039 DEBUG [main] [ee.sk.mid.rest.SessionStatusPoller.pollSessionStatus:55] - Polling session status
21.09.2018 17:37:07.039 DEBUG [main] [ee.sk.mid.rest.MobileIdRestConnector.getSessionStatus:53] - Getting session status for 1dcc1600-29a6-4e95-a95c-d69b31febcfb
21.09.2018 17:37:07.054 DEBUG [main] [ee.sk.mid.rest.LoggingFilter.logUrl:58] - GET http://localhost:18089/mid-api/authentication/session/1dcc1600-29a6-4e95-a95c-d69b31febcfb
21.09.2018 17:37:07.054 TRACE [main] [ee.sk.mid.rest.LoggingFilter.logHeaders:64] - Request headers: {Accept=[application/json]}
21.09.2018 17:37:07.057 DEBUG [main] [ee.sk.mid.rest.LoggingFilter.filter:40] - Response status: 200 - OK
21.09.2018 17:37:07.057 TRACE [main] [ee.sk.mid.rest.LoggingFilter.logResponseBody:80] - Response body: {
  &quot;state&quot;: &quot;COMPLETE&quot;,
  &quot;result&quot;: &quot;NOT_MIC_CLIENT&quot;
}
21.09.2018 17:37:07.059 DEBUG [main] [ee.sk.mid.rest.SessionStatusPoller.pollForFinalSessionStatus:50] - Got session final session status response
21.09.2018 17:37:07.059 WARN  [main] [ee.sk.mid.rest.SessionStatusPoller.validateResult:113] - Session status end result is &apos;NOT_MIC_CLIENT&apos;
21.09.2018 17:37:07.061 INFO  [main] [o.e.jetty.server.ServerConnector.doStop:306] - Stopped ServerConnector@1310324a{HTTP/1.1}{0.0.0.0:18089}
21.09.2018 17:37:07.061 INFO  [main] [o.e.j.server.handler.ContextHandler.doStop:865] - Stopped o.e.j.s.ServletContextHandler@6bb7e609{/,null,UNAVAILABLE}
21.09.2018 17:37:07.061 INFO  [main] [o.e.j.server.handler.ContextHandler.doStop:865] - Stopped o.e.j.s.ServletContextHandler@c2e9e33{/__admin,null,UNAVAILABLE}
21.09.2018 17:37:07.062 WARN  [main] [o.e.j.util.thread.QueuedThreadPool.doStop:178] - qtp199358279{STOPPING,8&lt;=8&lt;=10,i=2,q=6} Couldn&apos;t stop Thread[qtp199358279-37,5,]
21.09.2018 17:37:07.062 WARN  [main] [o.e.j.util.thread.QueuedThreadPool.doStop:178] - qtp199358279{STOPPING,8&lt;=8&lt;=10,i=0,q=6} Couldn&apos;t stop Thread[qtp199358279-38,5,]
</system-out>
  </testcase>
  <testcase classname="ee.sk.mid.MobileIdClientTest" name="verifyAuthentication_withNetworkConnectionConfigurationHavingCustomHeader" time="0.168">
    <error message="com.fasterxml.jackson.databind.JsonMappingException: Can not instantiate value of type [simple type, class ee.sk.mid.rest.dao.SessionCertificate] from String value (&apos;MIIHhjCCBW6gAwIBAgIQDNYLtVwrKURYStrYApYViTANBgkqhkiG9w0BAQsFADBoMQswCQYDVQQGEwJFRTEiMCAGA1UECgwZQVMgU2VydGlmaXRzZWVyaW1pc2tlc2t1czEXMBUGA1UEYQwOTlRSRUUtMTA3NDcwMTMxHDAaBgNVBAMME1RFU1Qgb2YgRUlELVNLIDIwMTYwHhcNMTYxMjA5MTYyNDU2WhcNMTkxMjA5MTYyNDU2WjCBvzELMAkGA1UEBhMCRUUxIjAgBgNVBAoMGUFTIFNlcnRpZml0c2VlcmltaXNrZXNrdXMxGjAYBgNVBAsMEWRpZ2l0YWwgc2lnbmF0dXJlMS0wKwYDVQQDDCRFTEZSSUlEQSxNQU5JVkFMREUsUE5PRUUtMzExMTExMTExMTExETAPBgNVBAQMCEVMRlJJSURBMRIwEAYDVQQqDAlNQU5JVkFMREUxGjAYBgNVBAUTEVBOT0VFLTMxMTExMTExMTExMIICIjANBgkqhkiG9w0BAQEFAAOCAg8AMIICCgKCAgEAgcfk+eY6dvVyDDPpJPkoKpQ08pQx5Jpfjgq+G31lRSsx03y4WYWQhILu5R4isI6DGzQ1MK2dEsW9Dl+S39y7mDDqGlviVpxCtgz14H7NG84ew8vd+sBeaYCvEhKS4+FxRWCmg5VCozr3s2Evi/ao3Wj51ThtecVmAY7PoE27Zckr0GJ/0I+JqEQx19POBr/lNkZN1AxBy8O9gvDzdpCa2Vn9qahY9eZnDGScrP2KsR34UlXa5PjEMVPtSB4btPi9VOQuRoZImGchfUyf1A2uyIPhV5aC+Zgl60B65WxZ+/nEsVN4NoSgBUv+HlwuRxJPelQKeA9tPwKroqO9PGc5/ee2C1HLH7loD+SwahSPMOY2e8CQd6pLmRF1a/H+ZPWZBW+U7Ekm3YeNNJToUkuonAQB/JbwBvHkZXwsH4/kMHyMPiws5G3nr/jyqF2595KKghIgjGHR1WhGljQzdgO5LT4uuOhesGDRYeMUanvClWSb/mt0SdS8njziY7WoYPYFFFgjRvIIK5FgOd8d2W88I5pj2/SjcXb6GMqEqI3HkCBGPDSo57nSJZzJD8KjJs/4jvzZnGwCFZ8+jeyh562B01mkFfwFaoFOYfqRG3g5sGdZUdY9Nk3FZ8dgEwylUMSxmaL0R2/mzNVasFWp482eHwlK2rae3v+QtCHGfOKn+vsCAwEAAaOCAdIwggHOMAkGA1UdEwQCMAAwDgYDVR0PAQH/BAQDAgZAMFYGA1UdIARPME0wQAYKKwYBBAHOHwMRAjAyMDAGCCsGAQUFBwIBFiRodHRwczovL3d3dy5zay5lZS9lbi9yZXBvc2l0b3J5L0NQUy8wCQYHBACL7EABATAdBgNVHQ4EFgQUNxW1gjoB4+Qh46Rj3SuULubhtUMwgZkGCCsGAQUFBwEDBIGMMIGJMAgGBgQAjkYBATAVBggrBgEFBQcLAjAJBgcEAIvsSQEBMBMGBgQAjkYBBjAJBgcEAI5GAQYBMFEGBgQAjkYBBTBHMEUWP2h0dHBzOi8vc2suZWUvZW4vcmVwb3NpdG9yeS9jb25kaXRpb25zLWZvci11c2Utb2YtY2VydGlmaWNhdGVzLxMCRU4wHwYDVR0jBBgwFoAUrrDq4Tb4JqulzAtmVf46HQK/ErQwfQYIKwYBBQUHAQEEcTBvMCkGCCsGAQUFBzABhh1odHRwOi8vYWlhLmRlbW8uc2suZWUvZWlkMjAxNjBCBggrBgEFBQcwAoY2aHR0cHM6Ly9zay5lZS91cGxvYWQvZmlsZXMvVEVTVF9vZl9FSUQtU0tfMjAxNi5kZXIuY3J0MA0GCSqGSIb3DQEBCwUAA4ICAQCH+SY8KKgw5UDlVL99ToRWPpcloyfOM64UTnNgEDXDDI5r1CNNA0OlggzoEZfakNQJamHjIT287LV7nXFsB4Q9VzyI3H1J5mzVIZrMUiE68wf25BDuA3Zwpri+f8Me78f3nowO2cJ2AiMJ83vQFKKy1LFOixWguuxioKlda2Jq7B57ty5cN+jZwLO7Vrv4Tryg9QeOaxnFvHvuZaxMnE55of7cLpfyAH/5DKvlXx4cdmh7kNO4F/o2LT7om4Cf+Sq6tFS3cUn4zcQbFKT5lw+7vfewzG6X0qYnHbe7Ts/zhh7IJpHnPF1p23ND0+jHgbcDVTFjV4pN1PhVthYHOMeDW461okw2OA/jfuQetUlDwqT5yCdjrOTMDkjZCjTMhcVPzw+7hSUUnewKiR0smuyZbKpE/ZGZWUA6K0sieGCpHGKJo99zD3zmEWmOmq++D0TmVvEiXVJs8fuNWl+VmXSStkMeNR4noHAL1PFUebXVS0lPpQZzBKgqhMGAgbwvYajZnOlvXVll6QashxFZmOVNy88O67s+a2p1SmQTtqNrlodszqkKsc28nDbbvBUd4PUD5tmVgPe29Zwnm1TxFuhl0gqvVc+qZme8zq6yd3nCKNrY6qron4Xcc1rxCWS7NcyO5JiF+qXgAuDOkSFJaaEnQh83ZJsNneXD/nyBH8kSiQ==&apos;); no single-String constructor/factory method
 at [Source: org.glassfish.jersey.message.internal.ReaderInterceptorExecutor$UnCloseableInputStream@5f9ef11f; line: 7, column: 4] (through reference chain: ee.sk.mid.rest.dao.SessionStatus[&quot;cert&quot;])" type="javax.ws.rs.client.ResponseProcessingException">javax.ws.rs.client.ResponseProcessingException: com.fasterxml.jackson.databind.JsonMappingException: Can not instantiate value of type [simple type, class ee.sk.mid.rest.dao.SessionCertificate] from String value (&apos;MIIHhjCCBW6gAwIBAgIQDNYLtVwrKURYStrYApYViTANBgkqhkiG9w0BAQsFADBoMQswCQYDVQQGEwJFRTEiMCAGA1UECgwZQVMgU2VydGlmaXRzZWVyaW1pc2tlc2t1czEXMBUGA1UEYQwOTlRSRUUtMTA3NDcwMTMxHDAaBgNVBAMME1RFU1Qgb2YgRUlELVNLIDIwMTYwHhcNMTYxMjA5MTYyNDU2WhcNMTkxMjA5MTYyNDU2WjCBvzELMAkGA1UEBhMCRUUxIjAgBgNVBAoMGUFTIFNlcnRpZml0c2VlcmltaXNrZXNrdXMxGjAYBgNVBAsMEWRpZ2l0YWwgc2lnbmF0dXJlMS0wKwYDVQQDDCRFTEZSSUlEQSxNQU5JVkFMREUsUE5PRUUtMzExMTExMTExMTExETAPBgNVBAQMCEVMRlJJSURBMRIwEAYDVQQqDAlNQU5JVkFMREUxGjAYBgNVBAUTEVBOT0VFLTMxMTExMTExMTExMIICIjANBgkqhkiG9w0BAQEFAAOCAg8AMIICCgKCAgEAgcfk+eY6dvVyDDPpJPkoKpQ08pQx5Jpfjgq+G31lRSsx03y4WYWQhILu5R4isI6DGzQ1MK2dEsW9Dl+S39y7mDDqGlviVpxCtgz14H7NG84ew8vd+sBeaYCvEhKS4+FxRWCmg5VCozr3s2Evi/ao3Wj51ThtecVmAY7PoE27Zckr0GJ/0I+JqEQx19POBr/lNkZN1AxBy8O9gvDzdpCa2Vn9qahY9eZnDGScrP2KsR34UlXa5PjEMVPtSB4btPi9VOQuRoZImGchfUyf1A2uyIPhV5aC+Zgl60B65WxZ+/nEsVN4NoSgBUv+HlwuRxJPelQKeA9tPwKroqO9PGc5/ee2C1HLH7loD+SwahSPMOY2e8CQd6pLmRF1a/H+ZPWZBW+U7Ekm3YeNNJToUkuonAQB/JbwBvHkZXwsH4/kMHyMPiws5G3nr/jyqF2595KKghIgjGHR1WhGljQzdgO5LT4uuOhesGDRYeMUanvClWSb/mt0SdS8njziY7WoYPYFFFgjRvIIK5FgOd8d2W88I5pj2/SjcXb6GMqEqI3HkCBGPDSo57nSJZzJD8KjJs/4jvzZnGwCFZ8+jeyh562B01mkFfwFaoFOYfqRG3g5sGdZUdY9Nk3FZ8dgEwylUMSxmaL0R2/mzNVasFWp482eHwlK2rae3v+QtCHGfOKn+vsCAwEAAaOCAdIwggHOMAkGA1UdEwQCMAAwDgYDVR0PAQH/BAQDAgZAMFYGA1UdIARPME0wQAYKKwYBBAHOHwMRAjAyMDAGCCsGAQUFBwIBFiRodHRwczovL3d3dy5zay5lZS9lbi9yZXBvc2l0b3J5L0NQUy8wCQYHBACL7EABATAdBgNVHQ4EFgQUNxW1gjoB4+Qh46Rj3SuULubhtUMwgZkGCCsGAQUFBwEDBIGMMIGJMAgGBgQAjkYBATAVBggrBgEFBQcLAjAJBgcEAIvsSQEBMBMGBgQAjkYBBjAJBgcEAI5GAQYBMFEGBgQAjkYBBTBHMEUWP2h0dHBzOi8vc2suZWUvZW4vcmVwb3NpdG9yeS9jb25kaXRpb25zLWZvci11c2Utb2YtY2VydGlmaWNhdGVzLxMCRU4wHwYDVR0jBBgwFoAUrrDq4Tb4JqulzAtmVf46HQK/ErQwfQYIKwYBBQUHAQEEcTBvMCkGCCsGAQUFBzABhh1odHRwOi8vYWlhLmRlbW8uc2suZWUvZWlkMjAxNjBCBggrBgEFBQcwAoY2aHR0cHM6Ly9zay5lZS91cGxvYWQvZmlsZXMvVEVTVF9vZl9FSUQtU0tfMjAxNi5kZXIuY3J0MA0GCSqGSIb3DQEBCwUAA4ICAQCH+SY8KKgw5UDlVL99ToRWPpcloyfOM64UTnNgEDXDDI5r1CNNA0OlggzoEZfakNQJamHjIT287LV7nXFsB4Q9VzyI3H1J5mzVIZrMUiE68wf25BDuA3Zwpri+f8Me78f3nowO2cJ2AiMJ83vQFKKy1LFOixWguuxioKlda2Jq7B57ty5cN+jZwLO7Vrv4Tryg9QeOaxnFvHvuZaxMnE55of7cLpfyAH/5DKvlXx4cdmh7kNO4F/o2LT7om4Cf+Sq6tFS3cUn4zcQbFKT5lw+7vfewzG6X0qYnHbe7Ts/zhh7IJpHnPF1p23ND0+jHgbcDVTFjV4pN1PhVthYHOMeDW461okw2OA/jfuQetUlDwqT5yCdjrOTMDkjZCjTMhcVPzw+7hSUUnewKiR0smuyZbKpE/ZGZWUA6K0sieGCpHGKJo99zD3zmEWmOmq++D0TmVvEiXVJs8fuNWl+VmXSStkMeNR4noHAL1PFUebXVS0lPpQZzBKgqhMGAgbwvYajZnOlvXVll6QashxFZmOVNy88O67s+a2p1SmQTtqNrlodszqkKsc28nDbbvBUd4PUD5tmVgPe29Zwnm1TxFuhl0gqvVc+qZme8zq6yd3nCKNrY6qron4Xcc1rxCWS7NcyO5JiF+qXgAuDOkSFJaaEnQh83ZJsNneXD/nyBH8kSiQ==&apos;); no single-String constructor/factory method
 at [Source: org.glassfish.jersey.message.internal.ReaderInterceptorExecutor$UnCloseableInputStream@5f9ef11f; line: 7, column: 4] (through reference chain: ee.sk.mid.rest.dao.SessionStatus[&quot;cert&quot;])
	at org.glassfish.jersey.client.JerseyInvocation.translate(JerseyInvocation.java:809)
	at org.glassfish.jersey.client.JerseyInvocation.access$700(JerseyInvocation.java:92)
	at org.glassfish.jersey.client.JerseyInvocation$2.call(JerseyInvocation.java:701)
	at org.glassfish.jersey.internal.Errors.process(Errors.java:315)
	at org.glassfish.jersey.internal.Errors.process(Errors.java:297)
	at org.glassfish.jersey.internal.Errors.process(Errors.java:228)
	at org.glassfish.jersey.process.internal.RequestScope.runInScope(RequestScope.java:444)
	at org.glassfish.jersey.client.JerseyInvocation.invoke(JerseyInvocation.java:697)
	at org.glassfish.jersey.client.JerseyInvocation$Builder.method(JerseyInvocation.java:420)
	at org.glassfish.jersey.client.JerseyInvocation$Builder.get(JerseyInvocation.java:316)
	at ee.sk.mid.rest.MobileIdRestConnector.getSessionStatus(MobileIdRestConnector.java:60)
	at ee.sk.mid.rest.SessionStatusPoller.pollSessionStatus(SessionStatusPoller.java:57)
	at ee.sk.mid.rest.SessionStatusPoller.pollForFinalSessionStatus(SessionStatusPoller.java:43)
	at ee.sk.mid.rest.SessionStatusPoller.fetchFinalSessionStatus(SessionStatusPoller.java:31)
	at ee.sk.mid.AuthenticationRequestBuilder.authenticate(AuthenticationRequestBuilder.java:70)
	at ee.sk.mid.MobileIdClientTest.makeAuthenticationRequest(MobileIdClientTest.java:225)
	at ee.sk.mid.MobileIdClientTest.verifyAuthentication_withNetworkConnectionConfigurationHavingCustomHeader(MobileIdClientTest.java:186)
	at sun.reflect.NativeMethodAccessorImpl.invoke0(Native Method)
	at sun.reflect.NativeMethodAccessorImpl.invoke(NativeMethodAccessorImpl.java:62)
	at sun.reflect.DelegatingMethodAccessorImpl.invoke(DelegatingMethodAccessorImpl.java:43)
	at java.lang.reflect.Method.invoke(Method.java:498)
	at org.junit.runners.model.FrameworkMethod$1.runReflectiveCall(FrameworkMethod.java:50)
	at org.junit.internal.runners.model.ReflectiveCallable.run(ReflectiveCallable.java:12)
	at org.junit.runners.model.FrameworkMethod.invokeExplosively(FrameworkMethod.java:47)
	at org.junit.internal.runners.statements.InvokeMethod.evaluate(InvokeMethod.java:17)
	at org.junit.internal.runners.statements.RunBefores.evaluate(RunBefores.java:26)
	at com.github.tomakehurst.wiremock.junit.WireMockRule$1.evaluate(WireMockRule.java:72)
	at org.junit.rules.RunRules.evaluate(RunRules.java:20)
	at org.junit.runners.ParentRunner.runLeaf(ParentRunner.java:325)
	at org.junit.runners.BlockJUnit4ClassRunner.runChild(BlockJUnit4ClassRunner.java:78)
	at org.junit.runners.BlockJUnit4ClassRunner.runChild(BlockJUnit4ClassRunner.java:57)
	at org.junit.runners.ParentRunner$3.run(ParentRunner.java:290)
	at org.junit.runners.ParentRunner$1.schedule(ParentRunner.java:71)
	at org.junit.runners.ParentRunner.runChildren(ParentRunner.java:288)
	at org.junit.runners.ParentRunner.access$000(ParentRunner.java:58)
	at org.junit.runners.ParentRunner$2.evaluate(ParentRunner.java:268)
	at org.junit.runners.ParentRunner.run(ParentRunner.java:363)
	at org.apache.maven.surefire.junit4.JUnit4Provider.execute(JUnit4Provider.java:252)
	at org.apache.maven.surefire.junit4.JUnit4Provider.executeTestSet(JUnit4Provider.java:141)
	at org.apache.maven.surefire.junit4.JUnit4Provider.invoke(JUnit4Provider.java:112)
	at sun.reflect.NativeMethodAccessorImpl.invoke0(Native Method)
	at sun.reflect.NativeMethodAccessorImpl.invoke(NativeMethodAccessorImpl.java:62)
	at sun.reflect.DelegatingMethodAccessorImpl.invoke(DelegatingMethodAccessorImpl.java:43)
	at java.lang.reflect.Method.invoke(Method.java:498)
	at org.apache.maven.surefire.util.ReflectionUtils.invokeMethodWithArray(ReflectionUtils.java:189)
	at org.apache.maven.surefire.booter.ProviderFactory$ProviderProxy.invoke(ProviderFactory.java:165)
	at org.apache.maven.surefire.booter.ProviderFactory.invokeProvider(ProviderFactory.java:85)
	at org.apache.maven.surefire.booter.ForkedBooter.runSuitesInProcess(ForkedBooter.java:115)
	at org.apache.maven.surefire.booter.ForkedBooter.main(ForkedBooter.java:75)
Caused by: com.fasterxml.jackson.databind.JsonMappingException: Can not instantiate value of type [simple type, class ee.sk.mid.rest.dao.SessionCertificate] from String value (&apos;MIIHhjCCBW6gAwIBAgIQDNYLtVwrKURYStrYApYViTANBgkqhkiG9w0BAQsFADBoMQswCQYDVQQGEwJFRTEiMCAGA1UECgwZQVMgU2VydGlmaXRzZWVyaW1pc2tlc2t1czEXMBUGA1UEYQwOTlRSRUUtMTA3NDcwMTMxHDAaBgNVBAMME1RFU1Qgb2YgRUlELVNLIDIwMTYwHhcNMTYxMjA5MTYyNDU2WhcNMTkxMjA5MTYyNDU2WjCBvzELMAkGA1UEBhMCRUUxIjAgBgNVBAoMGUFTIFNlcnRpZml0c2VlcmltaXNrZXNrdXMxGjAYBgNVBAsMEWRpZ2l0YWwgc2lnbmF0dXJlMS0wKwYDVQQDDCRFTEZSSUlEQSxNQU5JVkFMREUsUE5PRUUtMzExMTExMTExMTExETAPBgNVBAQMCEVMRlJJSURBMRIwEAYDVQQqDAlNQU5JVkFMREUxGjAYBgNVBAUTEVBOT0VFLTMxMTExMTExMTExMIICIjANBgkqhkiG9w0BAQEFAAOCAg8AMIICCgKCAgEAgcfk+eY6dvVyDDPpJPkoKpQ08pQx5Jpfjgq+G31lRSsx03y4WYWQhILu5R4isI6DGzQ1MK2dEsW9Dl+S39y7mDDqGlviVpxCtgz14H7NG84ew8vd+sBeaYCvEhKS4+FxRWCmg5VCozr3s2Evi/ao3Wj51ThtecVmAY7PoE27Zckr0GJ/0I+JqEQx19POBr/lNkZN1AxBy8O9gvDzdpCa2Vn9qahY9eZnDGScrP2KsR34UlXa5PjEMVPtSB4btPi9VOQuRoZImGchfUyf1A2uyIPhV5aC+Zgl60B65WxZ+/nEsVN4NoSgBUv+HlwuRxJPelQKeA9tPwKroqO9PGc5/ee2C1HLH7loD+SwahSPMOY2e8CQd6pLmRF1a/H+ZPWZBW+U7Ekm3YeNNJToUkuonAQB/JbwBvHkZXwsH4/kMHyMPiws5G3nr/jyqF2595KKghIgjGHR1WhGljQzdgO5LT4uuOhesGDRYeMUanvClWSb/mt0SdS8njziY7WoYPYFFFgjRvIIK5FgOd8d2W88I5pj2/SjcXb6GMqEqI3HkCBGPDSo57nSJZzJD8KjJs/4jvzZnGwCFZ8+jeyh562B01mkFfwFaoFOYfqRG3g5sGdZUdY9Nk3FZ8dgEwylUMSxmaL0R2/mzNVasFWp482eHwlK2rae3v+QtCHGfOKn+vsCAwEAAaOCAdIwggHOMAkGA1UdEwQCMAAwDgYDVR0PAQH/BAQDAgZAMFYGA1UdIARPME0wQAYKKwYBBAHOHwMRAjAyMDAGCCsGAQUFBwIBFiRodHRwczovL3d3dy5zay5lZS9lbi9yZXBvc2l0b3J5L0NQUy8wCQYHBACL7EABATAdBgNVHQ4EFgQUNxW1gjoB4+Qh46Rj3SuULubhtUMwgZkGCCsGAQUFBwEDBIGMMIGJMAgGBgQAjkYBATAVBggrBgEFBQcLAjAJBgcEAIvsSQEBMBMGBgQAjkYBBjAJBgcEAI5GAQYBMFEGBgQAjkYBBTBHMEUWP2h0dHBzOi8vc2suZWUvZW4vcmVwb3NpdG9yeS9jb25kaXRpb25zLWZvci11c2Utb2YtY2VydGlmaWNhdGVzLxMCRU4wHwYDVR0jBBgwFoAUrrDq4Tb4JqulzAtmVf46HQK/ErQwfQYIKwYBBQUHAQEEcTBvMCkGCCsGAQUFBzABhh1odHRwOi8vYWlhLmRlbW8uc2suZWUvZWlkMjAxNjBCBggrBgEFBQcwAoY2aHR0cHM6Ly9zay5lZS91cGxvYWQvZmlsZXMvVEVTVF9vZl9FSUQtU0tfMjAxNi5kZXIuY3J0MA0GCSqGSIb3DQEBCwUAA4ICAQCH+SY8KKgw5UDlVL99ToRWPpcloyfOM64UTnNgEDXDDI5r1CNNA0OlggzoEZfakNQJamHjIT287LV7nXFsB4Q9VzyI3H1J5mzVIZrMUiE68wf25BDuA3Zwpri+f8Me78f3nowO2cJ2AiMJ83vQFKKy1LFOixWguuxioKlda2Jq7B57ty5cN+jZwLO7Vrv4Tryg9QeOaxnFvHvuZaxMnE55of7cLpfyAH/5DKvlXx4cdmh7kNO4F/o2LT7om4Cf+Sq6tFS3cUn4zcQbFKT5lw+7vfewzG6X0qYnHbe7Ts/zhh7IJpHnPF1p23ND0+jHgbcDVTFjV4pN1PhVthYHOMeDW461okw2OA/jfuQetUlDwqT5yCdjrOTMDkjZCjTMhcVPzw+7hSUUnewKiR0smuyZbKpE/ZGZWUA6K0sieGCpHGKJo99zD3zmEWmOmq++D0TmVvEiXVJs8fuNWl+VmXSStkMeNR4noHAL1PFUebXVS0lPpQZzBKgqhMGAgbwvYajZnOlvXVll6QashxFZmOVNy88O67s+a2p1SmQTtqNrlodszqkKsc28nDbbvBUd4PUD5tmVgPe29Zwnm1TxFuhl0gqvVc+qZme8zq6yd3nCKNrY6qron4Xcc1rxCWS7NcyO5JiF+qXgAuDOkSFJaaEnQh83ZJsNneXD/nyBH8kSiQ==&apos;); no single-String constructor/factory method
 at [Source: org.glassfish.jersey.message.internal.ReaderInterceptorExecutor$UnCloseableInputStream@5f9ef11f; line: 7, column: 4] (through reference chain: ee.sk.mid.rest.dao.SessionStatus[&quot;cert&quot;])
	at com.fasterxml.jackson.databind.JsonMappingException.from(JsonMappingException.java:148)
	at com.fasterxml.jackson.databind.DeserializationContext.mappingException(DeserializationContext.java:875)
	at com.fasterxml.jackson.databind.deser.ValueInstantiator._createFromStringFallbacks(ValueInstantiator.java:281)
	at com.fasterxml.jackson.databind.deser.std.StdValueInstantiator.createFromString(StdValueInstantiator.java:284)
	at com.fasterxml.jackson.databind.deser.BeanDeserializerBase.deserializeFromString(BeanDeserializerBase.java:1176)
	at com.fasterxml.jackson.databind.deser.BeanDeserializer._deserializeOther(BeanDeserializer.java:143)
	at com.fasterxml.jackson.databind.deser.BeanDeserializer.deserialize(BeanDeserializer.java:134)
	at com.fasterxml.jackson.databind.deser.SettableBeanProperty.deserialize(SettableBeanProperty.java:520)
	at com.fasterxml.jackson.databind.deser.impl.MethodProperty.deserializeAndSet(MethodProperty.java:95)
	at com.fasterxml.jackson.databind.deser.BeanDeserializer.vanillaDeserialize(BeanDeserializer.java:256)
	at com.fasterxml.jackson.databind.deser.BeanDeserializer.deserialize(BeanDeserializer.java:125)
	at com.fasterxml.jackson.databind.ObjectReader._bind(ObjectReader.java:1470)
	at com.fasterxml.jackson.databind.ObjectReader.readValue(ObjectReader.java:912)
	at com.fasterxml.jackson.jaxrs.base.ProviderBase.readFrom(ProviderBase.java:810)
	at org.glassfish.jersey.message.internal.ReaderInterceptorExecutor$TerminalReaderInterceptor.invokeReadFrom(ReaderInterceptorExecutor.java:256)
	at org.glassfish.jersey.message.internal.ReaderInterceptorExecutor$TerminalReaderInterceptor.aroundReadFrom(ReaderInterceptorExecutor.java:235)
	at org.glassfish.jersey.message.internal.ReaderInterceptorExecutor.proceed(ReaderInterceptorExecutor.java:155)
	at org.glassfish.jersey.message.internal.MessageBodyFactory.readFrom(MessageBodyFactory.java:1085)
	at org.glassfish.jersey.message.internal.InboundMessageContext.readEntity(InboundMessageContext.java:874)
	at org.glassfish.jersey.message.internal.InboundMessageContext.readEntity(InboundMessageContext.java:808)
	at org.glassfish.jersey.client.ClientResponse.readEntity(ClientResponse.java:326)
	at org.glassfish.jersey.client.JerseyInvocation.translate(JerseyInvocation.java:806)
	... 48 more
</error>
    <system-out>21.09.2018 17:37:07.065 INFO  [main] [org.eclipse.jetty.server.Server.doStart:327] - jetty-9.2.13.v20150730
21.09.2018 17:37:07.066 INFO  [main] [o.e.j.server.handler.ContextHandler.doStart:744] - Started o.e.j.s.ServletContextHandler@78a5c127{/__admin,null,AVAILABLE}
21.09.2018 17:37:07.067 INFO  [main] [o.e.j.server.handler.ContextHandler.doStart:744] - Started o.e.j.s.ServletContextHandler@2ff35d7{/,null,AVAILABLE}
21.09.2018 17:37:07.069 INFO  [main] [o.e.jetty.server.ServerConnector.doStart:266] - Started ServerConnector@9f05b4f{HTTP/1.1}{0.0.0.0:18089}
21.09.2018 17:37:07.069 INFO  [main] [org.eclipse.jetty.server.Server.doStart:379] - Started @2869ms
21.09.2018 17:37:07.075 INFO  [qtp2070157789-53] [/__admin.log:2052] - RequestHandlerClass from context returned com.github.tomakehurst.wiremock.http.AdminRequestHandler. Normalized mapped under returned &apos;null&apos;
21.09.2018 17:37:07.134 DEBUG [main] [ee.sk.mid.rest.SessionStatusPoller.setPollingSleepTime:119] - Polling sleep time is 1 SECONDS
21.09.2018 17:37:07.134 DEBUG [main] [e.s.mid.AuthenticationRequestBuilder.&lt;init&gt;:20] - Instantiating authentication request builder
21.09.2018 17:37:07.134 DEBUG [main] [ee.sk.mid.rest.MobileIdRestConnector.authenticate:43] - Authenticating for phone number +37200007
21.09.2018 17:37:07.167 DEBUG [main] [ee.sk.mid.rest.LoggingFilter.logUrl:58] - POST http://localhost:18089/mid-api/authentication
21.09.2018 17:37:07.168 TRACE [main] [ee.sk.mid.rest.LoggingFilter.logHeaders:64] - Request headers: {Accept=[application/json], Content-Type=[application/json]}
21.09.2018 17:37:07.195 TRACE [main] [ee.sk.mid.rest.LoggingFilter.logRequestBody:98] - Message body: {&quot;relyingPartyUUID&quot;:&quot;e8189051-5634-4fbe-a6e8-fe1b9a9ef445&quot;,&quot;relyingPartyName&quot;:&quot;ToomasBank&quot;,&quot;phoneNumber&quot;:&quot;+37200007&quot;,&quot;nationalIdentityNumber&quot;:&quot;14212128025&quot;,&quot;hash&quot;:&quot;K74MSLkafRuKZ1Ooucvh2xa4Q3nz+R/hFWIShN96SPHNcem+uQ6mFMe9kkJQqp5EaoZnJeaFpl310TmlzRgNyQ==&quot;,&quot;hashType&quot;:&quot;SHA512&quot;,&quot;language&quot;:&quot;EST&quot;}
21.09.2018 17:37:07.196 INFO  [qtp2070157789-53] [/.log:2052] - RequestHandlerClass from context returned com.github.tomakehurst.wiremock.http.StubRequestHandler. Normalized mapped under returned &apos;null&apos;
21.09.2018 17:37:07.201 DEBUG [main] [ee.sk.mid.rest.LoggingFilter.filter:40] - Response status: 200 - OK
21.09.2018 17:37:07.202 TRACE [main] [ee.sk.mid.rest.LoggingFilter.logResponseBody:80] - Response body: {
  &quot;sessionID&quot;: &quot;1dcc1600-29a6-4e95-a95c-d69b31febcfb&quot;
}
21.09.2018 17:37:07.203 DEBUG [main] [ee.sk.mid.rest.SessionStatusPoller.fetchFinalSessionStatus:29] - Starting to poll session status for session 1dcc1600-29a6-4e95-a95c-d69b31febcfb
21.09.2018 17:37:07.204 DEBUG [main] [ee.sk.mid.rest.SessionStatusPoller.pollSessionStatus:55] - Polling session status
21.09.2018 17:37:07.204 DEBUG [main] [ee.sk.mid.rest.MobileIdRestConnector.getSessionStatus:53] - Getting session status for 1dcc1600-29a6-4e95-a95c-d69b31febcfb
21.09.2018 17:37:07.218 DEBUG [main] [ee.sk.mid.rest.LoggingFilter.logUrl:58] - GET http://localhost:18089/mid-api/authentication/session/1dcc1600-29a6-4e95-a95c-d69b31febcfb
21.09.2018 17:37:07.219 TRACE [main] [ee.sk.mid.rest.LoggingFilter.logHeaders:64] - Request headers: {Accept=[application/json]}
21.09.2018 17:37:07.225 DEBUG [main] [ee.sk.mid.rest.LoggingFilter.filter:40] - Response status: 200 - OK
21.09.2018 17:37:07.225 TRACE [main] [ee.sk.mid.rest.LoggingFilter.logResponseBody:80] - Response body: {
  &quot;state&quot;: &quot;COMPLETE&quot;,
  &quot;result&quot;: &quot;OK&quot;,
  &quot;signature&quot;: {
    &quot;value&quot;: &quot;luvjsi1+1iLN9yfDFEh/BE8hXtAKhAIxilv0SEk8Qk0yoM9ms/Qsq6OtFoTFZfmpZNQtmEDg6ADeVNUfZrAoozSbqGggNP9pZLv0pQ6fvkoUjV0XI3FP5PuICuRp0vfC2w024cG/Rw2XGfZTcDWZ3IWVaS/C9tqbvA7l0Ssa8W9wUit2H5msNMyyviHJFW7m9yfjdMZe9ebPw9HGSHjnRGbzl7myUIZyWtlD5mqnk/tcU13+lD6DBYkGSW5eu125W1BMojH3sIRrKhEdZxkgwtg6KEuWQ85OQBMF3X5zFB62caKqKo42HfV74EcbaBChhJ32226VZju+JKN9D+WUeQ==&quot;,
    &quot;algorithm&quot;: &quot;sha256WithRSAEncryption&quot;
  },
  &quot;cert&quot;: &quot;MIIHhjCCBW6gAwIBAgIQDNYLtVwrKURYStrYApYViTANBgkqhkiG9w0BAQsFADBoMQswCQYDVQQGEwJFRTEiMCAGA1UECgwZQVMgU2VydGlmaXRzZWVyaW1pc2tlc2t1czEXMBUGA1UEYQwOTlRSRUUtMTA3NDcwMTMxHDAaBgNVBAMME1RFU1Qgb2YgRUlELVNLIDIwMTYwHhcNMTYxMjA5MTYyNDU2WhcNMTkxMjA5MTYyNDU2WjCBvzELMAkGA1UEBhMCRUUxIjAgBgNVBAoMGUFTIFNlcnRpZml0c2VlcmltaXNrZXNrdXMxGjAYBgNVBAsMEWRpZ2l0YWwgc2lnbmF0dXJlMS0wKwYDVQQDDCRFTEZSSUlEQSxNQU5JVkFMREUsUE5PRUUtMzExMTExMTExMTExETAPBgNVBAQMCEVMRlJJSURBMRIwEAYDVQQqDAlNQU5JVkFMREUxGjAYBgNVBAUTEVBOT0VFLTMxMTExMTExMTExMIICIjANBgkqhkiG9w0BAQEFAAOCAg8AMIICCgKCAgEAgcfk+eY6dvVyDDPpJPkoKpQ08pQx5Jpfjgq+G31lRSsx03y4WYWQhILu5R4isI6DGzQ1MK2dEsW9Dl+S39y7mDDqGlviVpxCtgz14H7NG84ew8vd+sBeaYCvEhKS4+FxRWCmg5VCozr3s2Evi/ao3Wj51ThtecVmAY7PoE27Zckr0GJ/0I+JqEQx19POBr/lNkZN1AxBy8O9gvDzdpCa2Vn9qahY9eZnDGScrP2KsR34UlXa5PjEMVPtSB4btPi9VOQuRoZImGchfUyf1A2uyIPhV5aC+Zgl60B65WxZ+/nEsVN4NoSgBUv+HlwuRxJPelQKeA9tPwKroqO9PGc5/ee2C1HLH7loD+SwahSPMOY2e8CQd6pLmRF1a/H+ZPWZBW+U7Ekm3YeNNJToUkuonAQB/JbwBvHkZXwsH4/kMHyMPiws5G3nr/jyqF2595KKghIgjGHR1WhGljQzdgO5LT4uuOhesGDRYeMUanvClWSb/mt0SdS8njziY7WoYPYFFFgjRvIIK5FgOd8d2W88I5pj2/SjcXb6GMqEqI3HkCBGPDSo57nSJZzJD8KjJs/4jvzZnGwCFZ8+jeyh562B01mkFfwFaoFOYfqRG3g5sGdZUdY9Nk3FZ8dgEwylUMSxmaL0R2/mzNVasFWp482eHwlK2rae3v+QtCHGfOKn+vsCAwEAAaOCAdIwggHOMAkGA1UdEwQCMAAwDgYDVR0PAQH/BAQDAgZAMFYGA1UdIARPME0wQAYKKwYBBAHOHwMRAjAyMDAGCCsGAQUFBwIBFiRodHRwczovL3d3dy5zay5lZS9lbi9yZXBvc2l0b3J5L0NQUy8wCQYHBACL7EABATAdBgNVHQ4EFgQUNxW1gjoB4+Qh46Rj3SuULubhtUMwgZkGCCsGAQUFBwEDBIGMMIGJMAgGBgQAjkYBATAVBggrBgEFBQcLAjAJBgcEAIvsSQEBMBMGBgQAjkYBBjAJBgcEAI5GAQYBMFEGBgQAjkYBBTBHMEUWP2h0dHBzOi8vc2suZWUvZW4vcmVwb3NpdG9yeS9jb25kaXRpb25zLWZvci11c2Utb2YtY2VydGlmaWNhdGVzLxMCRU4wHwYDVR0jBBgwFoAUrrDq4Tb4JqulzAtmVf46HQK/ErQwfQYIKwYBBQUHAQEEcTBvMCkGCCsGAQUFBzABhh1odHRwOi8vYWlhLmRlbW8uc2suZWUvZWlkMjAxNjBCBggrBgEFBQcwAoY2aHR0cHM6Ly9zay5lZS91cGxvYWQvZmlsZXMvVEVTVF9vZl9FSUQtU0tfMjAxNi5kZXIuY3J0MA0GCSqGSIb3DQEBCwUAA4ICAQCH+SY8KKgw5UDlVL99ToRWPpcloyfOM64UTnNgEDXDDI5r1CNNA0OlggzoEZfakNQJamHjIT287LV7nXFsB4Q9VzyI3H1J5mzVIZrMUiE68wf25BDuA3Zwpri+f8Me78f3nowO2cJ2AiMJ83vQFKKy1LFOixWguuxioKlda2Jq7B57ty5cN+jZwLO7Vrv4Tryg9QeOaxnFvHvuZaxMnE55of7cLpfyAH/5DKvlXx4cdmh7kNO4F/o2LT7om4Cf+Sq6tFS3cUn4zcQbFKT5lw+7vfewzG6X0qYnHbe7Ts/zhh7IJpHnPF1p23ND0+jHgbcDVTFjV4pN1PhVthYHOMeDW461okw2OA/jfuQetUlDwqT5yCdjrOTMDkjZCjTMhcVPzw+7hSUUnewKiR0smuyZbKpE/ZGZWUA6K0sieGCpHGKJo99zD3zmEWmOmq++D0TmVvEiXVJs8fuNWl+VmXSStkMeNR4noHAL1PFUebXVS0lPpQZzBKgqhMGAgbwvYajZnOlvXVll6QashxFZmOVNy88O67s+a2p1SmQTtqNrlodszqkKsc28nDbbvBUd4PUD5tmVgPe29Zwnm1TxFuhl0gqvVc+qZme8zq6yd3nCKNrY6qron4Xcc1rxCWS7NcyO5JiF+qXgAuDOkSFJaaEnQh83ZJsNneXD/nyBH8kSiQ==&quot;
}
21.09.2018 17:37:07.229 INFO  [main] [o.e.jetty.server.ServerConnector.doStop:306] - Stopped ServerConnector@9f05b4f{HTTP/1.1}{0.0.0.0:18089}
21.09.2018 17:37:07.230 INFO  [main] [o.e.j.server.handler.ContextHandler.doStop:865] - Stopped o.e.j.s.ServletContextHandler@2ff35d7{/,null,UNAVAILABLE}
21.09.2018 17:37:07.230 INFO  [main] [o.e.j.server.handler.ContextHandler.doStop:865] - Stopped o.e.j.s.ServletContextHandler@78a5c127{/__admin,null,UNAVAILABLE}
21.09.2018 17:37:07.230 WARN  [main] [o.e.j.util.thread.QueuedThreadPool.doStop:178] - qtp2070157789{STOPPING,8&lt;=8&lt;=10,i=5,q=6} Couldn&apos;t stop Thread[qtp2070157789-50,5,]
21.09.2018 17:37:07.230 WARN  [main] [o.e.j.util.thread.QueuedThreadPool.doStop:178] - qtp2070157789{STOPPING,8&lt;=8&lt;=10,i=1,q=5} Couldn&apos;t stop Thread[qtp2070157789-53,5,]
21.09.2018 17:37:07.231 WARN  [main] [o.e.j.util.thread.QueuedThreadPool.doStop:178] - qtp2070157789{STOPPING,8&lt;=8&lt;=10,i=0,q=5} Couldn&apos;t stop Thread[qtp2070157789-56,5,]
</system-out>
  </testcase>
  <testcase classname="ee.sk.mid.MobileIdClientTest" name="authenticate_whenGettingSessionIdFailed_shouldThrowException" time="0.103">
    <error message="Unexpected exception, expected&lt;ee.sk.mid.exception.ResponseRetrievingException&gt; but was&lt;javax.ws.rs.InternalServerErrorException&gt;" type="java.lang.Exception">java.lang.Exception: Unexpected exception, expected&lt;ee.sk.mid.exception.ResponseRetrievingException&gt; but was&lt;javax.ws.rs.InternalServerErrorException&gt;
	at org.junit.internal.runners.statements.ExpectException.evaluate(ExpectException.java:28)
	at org.junit.internal.runners.statements.RunBefores.evaluate(RunBefores.java:26)
	at com.github.tomakehurst.wiremock.junit.WireMockRule$1.evaluate(WireMockRule.java:72)
	at org.junit.rules.RunRules.evaluate(RunRules.java:20)
	at org.junit.runners.ParentRunner.runLeaf(ParentRunner.java:325)
	at org.junit.runners.BlockJUnit4ClassRunner.runChild(BlockJUnit4ClassRunner.java:78)
	at org.junit.runners.BlockJUnit4ClassRunner.runChild(BlockJUnit4ClassRunner.java:57)
	at org.junit.runners.ParentRunner$3.run(ParentRunner.java:290)
	at org.junit.runners.ParentRunner$1.schedule(ParentRunner.java:71)
	at org.junit.runners.ParentRunner.runChildren(ParentRunner.java:288)
	at org.junit.runners.ParentRunner.access$000(ParentRunner.java:58)
	at org.junit.runners.ParentRunner$2.evaluate(ParentRunner.java:268)
	at org.junit.runners.ParentRunner.run(ParentRunner.java:363)
	at org.apache.maven.surefire.junit4.JUnit4Provider.execute(JUnit4Provider.java:252)
	at org.apache.maven.surefire.junit4.JUnit4Provider.executeTestSet(JUnit4Provider.java:141)
	at org.apache.maven.surefire.junit4.JUnit4Provider.invoke(JUnit4Provider.java:112)
	at sun.reflect.NativeMethodAccessorImpl.invoke0(Native Method)
	at sun.reflect.NativeMethodAccessorImpl.invoke(NativeMethodAccessorImpl.java:62)
	at sun.reflect.DelegatingMethodAccessorImpl.invoke(DelegatingMethodAccessorImpl.java:43)
	at java.lang.reflect.Method.invoke(Method.java:498)
	at org.apache.maven.surefire.util.ReflectionUtils.invokeMethodWithArray(ReflectionUtils.java:189)
	at org.apache.maven.surefire.booter.ProviderFactory$ProviderProxy.invoke(ProviderFactory.java:165)
	at org.apache.maven.surefire.booter.ProviderFactory.invokeProvider(ProviderFactory.java:85)
	at org.apache.maven.surefire.booter.ForkedBooter.runSuitesInProcess(ForkedBooter.java:115)
	at org.apache.maven.surefire.booter.ForkedBooter.main(ForkedBooter.java:75)
Caused by: javax.ws.rs.InternalServerErrorException: HTTP 500 Server Error
	at org.glassfish.jersey.client.JerseyInvocation.convertToException(JerseyInvocation.java:1032)
	at org.glassfish.jersey.client.JerseyInvocation.translate(JerseyInvocation.java:819)
	at org.glassfish.jersey.client.JerseyInvocation.access$700(JerseyInvocation.java:92)
	at org.glassfish.jersey.client.JerseyInvocation$2.call(JerseyInvocation.java:701)
	at org.glassfish.jersey.internal.Errors.process(Errors.java:315)
	at org.glassfish.jersey.internal.Errors.process(Errors.java:297)
	at org.glassfish.jersey.internal.Errors.process(Errors.java:228)
	at org.glassfish.jersey.process.internal.RequestScope.runInScope(RequestScope.java:444)
	at org.glassfish.jersey.client.JerseyInvocation.invoke(JerseyInvocation.java:697)
	at org.glassfish.jersey.client.JerseyInvocation$Builder.method(JerseyInvocation.java:448)
	at org.glassfish.jersey.client.JerseyInvocation$Builder.post(JerseyInvocation.java:349)
	at ee.sk.mid.rest.MobileIdRestConnector.postRequest(MobileIdRestConnector.java:74)
	at ee.sk.mid.rest.MobileIdRestConnector.postAuthenticationRequest(MobileIdRestConnector.java:68)
	at ee.sk.mid.rest.MobileIdRestConnector.authenticate(MobileIdRestConnector.java:48)
	at ee.sk.mid.AuthenticationRequestBuilder.getAuthenticationResponse(AuthenticationRequestBuilder.java:89)
	at ee.sk.mid.AuthenticationRequestBuilder.authenticate(AuthenticationRequestBuilder.java:69)
	at ee.sk.mid.MobileIdClientTest.makeAuthenticationRequest(MobileIdClientTest.java:225)
	at ee.sk.mid.MobileIdClientTest.authenticate_whenGettingSessionIdFailed_shouldThrowException(MobileIdClientTest.java:146)
	at sun.reflect.NativeMethodAccessorImpl.invoke0(Native Method)
	at sun.reflect.NativeMethodAccessorImpl.invoke(NativeMethodAccessorImpl.java:62)
	at sun.reflect.DelegatingMethodAccessorImpl.invoke(DelegatingMethodAccessorImpl.java:43)
	at java.lang.reflect.Method.invoke(Method.java:498)
	at org.junit.runners.model.FrameworkMethod$1.runReflectiveCall(FrameworkMethod.java:50)
	at org.junit.internal.runners.model.ReflectiveCallable.run(ReflectiveCallable.java:12)
	at org.junit.runners.model.FrameworkMethod.invokeExplosively(FrameworkMethod.java:47)
	at org.junit.internal.runners.statements.InvokeMethod.evaluate(InvokeMethod.java:17)
	at org.junit.internal.runners.statements.ExpectException.evaluate(ExpectException.java:19)
	... 24 more
</error>
    <system-out>21.09.2018 17:37:07.237 INFO  [main] [org.eclipse.jetty.server.Server.doStart:327] - jetty-9.2.13.v20150730
21.09.2018 17:37:07.238 INFO  [main] [o.e.j.server.handler.ContextHandler.doStart:744] - Started o.e.j.s.ServletContextHandler@5d32d8f{/__admin,null,AVAILABLE}
21.09.2018 17:37:07.238 INFO  [main] [o.e.j.server.handler.ContextHandler.doStart:744] - Started o.e.j.s.ServletContextHandler@afcfc63{/,null,AVAILABLE}
21.09.2018 17:37:07.240 INFO  [main] [o.e.jetty.server.ServerConnector.doStart:266] - Started ServerConnector@16df17e6{HTTP/1.1}{0.0.0.0:18089}
21.09.2018 17:37:07.241 INFO  [main] [org.eclipse.jetty.server.Server.doStart:379] - Started @3041ms
21.09.2018 17:37:07.246 INFO  [qtp684844445-66] [/__admin.log:2052] - RequestHandlerClass from context returned com.github.tomakehurst.wiremock.http.AdminRequestHandler. Normalized mapped under returned &apos;null&apos;
21.09.2018 17:37:07.311 DEBUG [main] [ee.sk.mid.rest.SessionStatusPoller.setPollingSleepTime:119] - Polling sleep time is 1 SECONDS
21.09.2018 17:37:07.312 DEBUG [main] [e.s.mid.AuthenticationRequestBuilder.&lt;init&gt;:20] - Instantiating authentication request builder
21.09.2018 17:37:07.312 DEBUG [main] [ee.sk.mid.rest.MobileIdRestConnector.authenticate:43] - Authenticating for phone number +37200007
21.09.2018 17:37:07.328 DEBUG [main] [ee.sk.mid.rest.LoggingFilter.logUrl:58] - POST http://localhost:18089/mid-api/authentication
21.09.2018 17:37:07.328 TRACE [main] [ee.sk.mid.rest.LoggingFilter.logHeaders:64] - Request headers: {Accept=[application/json], Content-Type=[application/json]}
21.09.2018 17:37:07.331 TRACE [main] [ee.sk.mid.rest.LoggingFilter.logRequestBody:98] - Message body: {&quot;relyingPartyUUID&quot;:&quot;e8189051-5634-4fbe-a6e8-fe1b9a9ef445&quot;,&quot;relyingPartyName&quot;:&quot;ToomasBank&quot;,&quot;phoneNumber&quot;:&quot;+37200007&quot;,&quot;nationalIdentityNumber&quot;:&quot;14212128025&quot;,&quot;hash&quot;:&quot;K74MSLkafRuKZ1Ooucvh2xa4Q3nz+R/hFWIShN96SPHNcem+uQ6mFMe9kkJQqp5EaoZnJeaFpl310TmlzRgNyQ==&quot;,&quot;hashType&quot;:&quot;SHA512&quot;,&quot;language&quot;:&quot;EST&quot;}
21.09.2018 17:37:07.333 INFO  [qtp684844445-67] [/.log:2052] - RequestHandlerClass from context returned com.github.tomakehurst.wiremock.http.StubRequestHandler. Normalized mapped under returned &apos;null&apos;
21.09.2018 17:37:07.336 DEBUG [main] [ee.sk.mid.rest.LoggingFilter.filter:40] - Response status: 500 - Server Error
21.09.2018 17:37:07.336 TRACE [main] [ee.sk.mid.rest.LoggingFilter.logResponseBody:80] - Response body: Not found
21.09.2018 17:37:07.338 INFO  [main] [o.e.jetty.server.ServerConnector.doStop:306] - Stopped ServerConnector@16df17e6{HTTP/1.1}{0.0.0.0:18089}
21.09.2018 17:37:07.338 INFO  [main] [o.e.j.server.handler.ContextHandler.doStop:865] - Stopped o.e.j.s.ServletContextHandler@afcfc63{/,null,UNAVAILABLE}
21.09.2018 17:37:07.339 INFO  [main] [o.e.j.server.handler.ContextHandler.doStop:865] - Stopped o.e.j.s.ServletContextHandler@5d32d8f{/__admin,null,UNAVAILABLE}
21.09.2018 17:37:07.339 WARN  [main] [o.e.j.util.thread.QueuedThreadPool.doStop:178] - qtp684844445{STOPPING,8&lt;=8&lt;=10,i=5,q=6} Couldn&apos;t stop Thread[qtp684844445-61,5,]
21.09.2018 17:37:07.339 WARN  [main] [o.e.j.util.thread.QueuedThreadPool.doStop:178] - qtp684844445{STOPPING,8&lt;=8&lt;=10,i=0,q=4} Couldn&apos;t stop Thread[qtp684844445-64,5,]
</system-out>
  </testcase>
  <testcase classname="ee.sk.mid.MobileIdClientTest" name="authenticate_whenUserCancelled_shouldThrowException" time="0.098"/>
  <testcase classname="ee.sk.mid.MobileIdClientTest" name="authenticate_whenMSSPTransactionExpired_shouldThrowException" time="0.093"/>
  <testcase classname="ee.sk.mid.MobileIdClientTest" name="authenticate_whenTimeout_shouldThrowException" time="0.107"/>
  <testcase classname="ee.sk.mid.MobileIdClientTest" name="authenticate_whenResponseNotFound_shouldThrowException" time="0.07"/>
  <testcase classname="ee.sk.mid.MobileIdClientTest" name="authenticate_whenSignatureHashMismatch_shouldThrowException" time="0.087"/>
  <testcase classname="ee.sk.mid.MobileIdClientTest" name="authenticate_withWrongRequestParams_shouldThrowException" time="0.067"/>
  <testcase classname="ee.sk.mid.MobileIdClientTest" name="authenticate_whenSimNotAvailable_shouldThrowException" time="0.077"/>
  <testcase classname="ee.sk.mid.MobileIdClientTest" name="setPollingSleepTimeoutForAuthentication" time="0.096">
    <error message="com.fasterxml.jackson.databind.JsonMappingException: Can not deserialize instance of java.lang.String out of START_OBJECT token
 at [Source: org.glassfish.jersey.message.internal.ReaderInterceptorExecutor$UnCloseableInputStream@72a14347; line: 2, column: 21] (through reference chain: ee.sk.mid.rest.dao.SessionStatus[&quot;result&quot;])" type="javax.ws.rs.client.ResponseProcessingException">javax.ws.rs.client.ResponseProcessingException: com.fasterxml.jackson.databind.JsonMappingException: Can not deserialize instance of java.lang.String out of START_OBJECT token
 at [Source: org.glassfish.jersey.message.internal.ReaderInterceptorExecutor$UnCloseableInputStream@72a14347; line: 2, column: 21] (through reference chain: ee.sk.mid.rest.dao.SessionStatus[&quot;result&quot;])
	at org.glassfish.jersey.client.JerseyInvocation.translate(JerseyInvocation.java:809)
	at org.glassfish.jersey.client.JerseyInvocation.access$700(JerseyInvocation.java:92)
	at org.glassfish.jersey.client.JerseyInvocation$2.call(JerseyInvocation.java:701)
	at org.glassfish.jersey.internal.Errors.process(Errors.java:315)
	at org.glassfish.jersey.internal.Errors.process(Errors.java:297)
	at org.glassfish.jersey.internal.Errors.process(Errors.java:228)
	at org.glassfish.jersey.process.internal.RequestScope.runInScope(RequestScope.java:444)
	at org.glassfish.jersey.client.JerseyInvocation.invoke(JerseyInvocation.java:697)
	at org.glassfish.jersey.client.JerseyInvocation$Builder.method(JerseyInvocation.java:420)
	at org.glassfish.jersey.client.JerseyInvocation$Builder.get(JerseyInvocation.java:316)
	at ee.sk.mid.rest.MobileIdRestConnector.getSessionStatus(MobileIdRestConnector.java:60)
	at ee.sk.mid.rest.SessionStatusPoller.pollSessionStatus(SessionStatusPoller.java:57)
	at ee.sk.mid.rest.SessionStatusPoller.pollForFinalSessionStatus(SessionStatusPoller.java:43)
	at ee.sk.mid.rest.SessionStatusPoller.fetchFinalSessionStatus(SessionStatusPoller.java:31)
	at ee.sk.mid.AuthenticationRequestBuilder.authenticate(AuthenticationRequestBuilder.java:70)
	at ee.sk.mid.MobileIdClientTest.createAuthentication(MobileIdClientTest.java:211)
	at ee.sk.mid.MobileIdClientTest.measureAuthenticationDuration(MobileIdClientTest.java:194)
	at ee.sk.mid.MobileIdClientTest.setPollingSleepTimeoutForAuthentication(MobileIdClientTest.java:172)
	at sun.reflect.NativeMethodAccessorImpl.invoke0(Native Method)
	at sun.reflect.NativeMethodAccessorImpl.invoke(NativeMethodAccessorImpl.java:62)
	at sun.reflect.DelegatingMethodAccessorImpl.invoke(DelegatingMethodAccessorImpl.java:43)
	at java.lang.reflect.Method.invoke(Method.java:498)
	at org.junit.runners.model.FrameworkMethod$1.runReflectiveCall(FrameworkMethod.java:50)
	at org.junit.internal.runners.model.ReflectiveCallable.run(ReflectiveCallable.java:12)
	at org.junit.runners.model.FrameworkMethod.invokeExplosively(FrameworkMethod.java:47)
	at org.junit.internal.runners.statements.InvokeMethod.evaluate(InvokeMethod.java:17)
	at org.junit.internal.runners.statements.RunBefores.evaluate(RunBefores.java:26)
	at com.github.tomakehurst.wiremock.junit.WireMockRule$1.evaluate(WireMockRule.java:72)
	at org.junit.rules.RunRules.evaluate(RunRules.java:20)
	at org.junit.runners.ParentRunner.runLeaf(ParentRunner.java:325)
	at org.junit.runners.BlockJUnit4ClassRunner.runChild(BlockJUnit4ClassRunner.java:78)
	at org.junit.runners.BlockJUnit4ClassRunner.runChild(BlockJUnit4ClassRunner.java:57)
	at org.junit.runners.ParentRunner$3.run(ParentRunner.java:290)
	at org.junit.runners.ParentRunner$1.schedule(ParentRunner.java:71)
	at org.junit.runners.ParentRunner.runChildren(ParentRunner.java:288)
	at org.junit.runners.ParentRunner.access$000(ParentRunner.java:58)
	at org.junit.runners.ParentRunner$2.evaluate(ParentRunner.java:268)
	at org.junit.runners.ParentRunner.run(ParentRunner.java:363)
	at org.apache.maven.surefire.junit4.JUnit4Provider.execute(JUnit4Provider.java:252)
	at org.apache.maven.surefire.junit4.JUnit4Provider.executeTestSet(JUnit4Provider.java:141)
	at org.apache.maven.surefire.junit4.JUnit4Provider.invoke(JUnit4Provider.java:112)
	at sun.reflect.NativeMethodAccessorImpl.invoke0(Native Method)
	at sun.reflect.NativeMethodAccessorImpl.invoke(NativeMethodAccessorImpl.java:62)
	at sun.reflect.DelegatingMethodAccessorImpl.invoke(DelegatingMethodAccessorImpl.java:43)
	at java.lang.reflect.Method.invoke(Method.java:498)
	at org.apache.maven.surefire.util.ReflectionUtils.invokeMethodWithArray(ReflectionUtils.java:189)
	at org.apache.maven.surefire.booter.ProviderFactory$ProviderProxy.invoke(ProviderFactory.java:165)
	at org.apache.maven.surefire.booter.ProviderFactory.invokeProvider(ProviderFactory.java:85)
	at org.apache.maven.surefire.booter.ForkedBooter.runSuitesInProcess(ForkedBooter.java:115)
	at org.apache.maven.surefire.booter.ForkedBooter.main(ForkedBooter.java:75)
Caused by: com.fasterxml.jackson.databind.JsonMappingException: Can not deserialize instance of java.lang.String out of START_OBJECT token
 at [Source: org.glassfish.jersey.message.internal.ReaderInterceptorExecutor$UnCloseableInputStream@72a14347; line: 2, column: 21] (through reference chain: ee.sk.mid.rest.dao.SessionStatus[&quot;result&quot;])
	at com.fasterxml.jackson.databind.JsonMappingException.from(JsonMappingException.java:148)
	at com.fasterxml.jackson.databind.DeserializationContext.mappingException(DeserializationContext.java:854)
	at com.fasterxml.jackson.databind.deser.std.StringDeserializer.deserialize(StringDeserializer.java:62)
	at com.fasterxml.jackson.databind.deser.std.StringDeserializer.deserialize(StringDeserializer.java:11)
	at com.fasterxml.jackson.databind.deser.SettableBeanProperty.deserialize(SettableBeanProperty.java:520)
	at com.fasterxml.jackson.databind.deser.impl.MethodProperty.deserializeAndSet(MethodProperty.java:95)
	at com.fasterxml.jackson.databind.deser.BeanDeserializer.vanillaDeserialize(BeanDeserializer.java:256)
	at com.fasterxml.jackson.databind.deser.BeanDeserializer.deserialize(BeanDeserializer.java:125)
	at com.fasterxml.jackson.databind.ObjectReader._bind(ObjectReader.java:1470)
	at com.fasterxml.jackson.databind.ObjectReader.readValue(ObjectReader.java:912)
	at com.fasterxml.jackson.jaxrs.base.ProviderBase.readFrom(ProviderBase.java:810)
	at org.glassfish.jersey.message.internal.ReaderInterceptorExecutor$TerminalReaderInterceptor.invokeReadFrom(ReaderInterceptorExecutor.java:256)
	at org.glassfish.jersey.message.internal.ReaderInterceptorExecutor$TerminalReaderInterceptor.aroundReadFrom(ReaderInterceptorExecutor.java:235)
	at org.glassfish.jersey.message.internal.ReaderInterceptorExecutor.proceed(ReaderInterceptorExecutor.java:155)
	at org.glassfish.jersey.message.internal.MessageBodyFactory.readFrom(MessageBodyFactory.java:1085)
	at org.glassfish.jersey.message.internal.InboundMessageContext.readEntity(InboundMessageContext.java:874)
	at org.glassfish.jersey.message.internal.InboundMessageContext.readEntity(InboundMessageContext.java:808)
	at org.glassfish.jersey.client.ClientResponse.readEntity(ClientResponse.java:326)
	at org.glassfish.jersey.client.JerseyInvocation.translate(JerseyInvocation.java:806)
	... 49 more
</error>
    <system-out>21.09.2018 17:37:07.967 INFO  [main] [org.eclipse.jetty.server.Server.doStart:327] - jetty-9.2.13.v20150730
21.09.2018 17:37:07.968 INFO  [main] [o.e.j.server.handler.ContextHandler.doStart:744] - Started o.e.j.s.ServletContextHandler@59e83ff0{/__admin,null,AVAILABLE}
21.09.2018 17:37:07.969 INFO  [main] [o.e.j.server.handler.ContextHandler.doStart:744] - Started o.e.j.s.ServletContextHandler@5a77b7cc{/,null,AVAILABLE}
21.09.2018 17:37:07.970 INFO  [main] [o.e.jetty.server.ServerConnector.doStart:266] - Started ServerConnector@42f814cd{HTTP/1.1}{0.0.0.0:18089}
21.09.2018 17:37:07.971 INFO  [main] [org.eclipse.jetty.server.Server.doStart:379] - Started @3771ms
21.09.2018 17:37:07.976 INFO  [qtp1858665047-161] [/__admin.log:2052] - RequestHandlerClass from context returned com.github.tomakehurst.wiremock.http.AdminRequestHandler. Normalized mapped under returned &apos;null&apos;
21.09.2018 17:37:08.020 DEBUG [main] [ee.sk.mid.rest.SessionStatusPoller.setPollingSleepTime:119] - Polling sleep time is 2 SECONDS
21.09.2018 17:37:08.020 DEBUG [main] [e.s.mid.AuthenticationRequestBuilder.&lt;init&gt;:20] - Instantiating authentication request builder
21.09.2018 17:37:08.020 DEBUG [main] [ee.sk.mid.rest.MobileIdRestConnector.authenticate:43] - Authenticating for phone number +37200007
21.09.2018 17:37:08.030 DEBUG [main] [ee.sk.mid.rest.LoggingFilter.logUrl:58] - POST http://localhost:18089/mid-api/authentication
21.09.2018 17:37:08.031 TRACE [main] [ee.sk.mid.rest.LoggingFilter.logHeaders:64] - Request headers: {Accept=[application/json], Content-Type=[application/json]}
21.09.2018 17:37:08.032 TRACE [main] [ee.sk.mid.rest.LoggingFilter.logRequestBody:98] - Message body: {&quot;relyingPartyUUID&quot;:&quot;e8189051-5634-4fbe-a6e8-fe1b9a9ef445&quot;,&quot;relyingPartyName&quot;:&quot;ToomasBank&quot;,&quot;phoneNumber&quot;:&quot;+37200007&quot;,&quot;nationalIdentityNumber&quot;:&quot;14212128025&quot;,&quot;hash&quot;:&quot;K74MSLkafRuKZ1Ooucvh2xa4Q3nz+R/hFWIShN96SPHNcem+uQ6mFMe9kkJQqp5EaoZnJeaFpl310TmlzRgNyQ==&quot;,&quot;hashType&quot;:&quot;SHA512&quot;,&quot;language&quot;:&quot;EST&quot;}
21.09.2018 17:37:08.034 INFO  [qtp1858665047-163] [/.log:2052] - RequestHandlerClass from context returned com.github.tomakehurst.wiremock.http.StubRequestHandler. Normalized mapped under returned &apos;null&apos;
21.09.2018 17:37:08.036 DEBUG [main] [ee.sk.mid.rest.LoggingFilter.filter:40] - Response status: 200 - OK
21.09.2018 17:37:08.037 TRACE [main] [ee.sk.mid.rest.LoggingFilter.logResponseBody:80] - Response body: {
  &quot;sessionID&quot;: &quot;1dcc1600-29a6-4e95-a95c-d69b31febcfb&quot;
}
21.09.2018 17:37:08.038 DEBUG [main] [ee.sk.mid.rest.SessionStatusPoller.fetchFinalSessionStatus:29] - Starting to poll session status for session 1dcc1600-29a6-4e95-a95c-d69b31febcfb
21.09.2018 17:37:08.038 DEBUG [main] [ee.sk.mid.rest.SessionStatusPoller.pollSessionStatus:55] - Polling session status
21.09.2018 17:37:08.038 DEBUG [main] [ee.sk.mid.rest.MobileIdRestConnector.getSessionStatus:53] - Getting session status for 1dcc1600-29a6-4e95-a95c-d69b31febcfb
21.09.2018 17:37:08.048 DEBUG [main] [ee.sk.mid.rest.LoggingFilter.logUrl:58] - GET http://localhost:18089/mid-api/authentication/session/1dcc1600-29a6-4e95-a95c-d69b31febcfb
21.09.2018 17:37:08.048 TRACE [main] [ee.sk.mid.rest.LoggingFilter.logHeaders:64] - Request headers: {Accept=[application/json]}
21.09.2018 17:37:08.051 DEBUG [main] [ee.sk.mid.rest.LoggingFilter.filter:40] - Response status: 200 - OK
21.09.2018 17:37:08.051 TRACE [main] [ee.sk.mid.rest.LoggingFilter.logResponseBody:80] - Response body: {
  &quot;state&quot;: &quot;RUNNING&quot;,
  &quot;result&quot;: {}
}
21.09.2018 17:37:08.055 INFO  [main] [o.e.jetty.server.ServerConnector.doStop:306] - Stopped ServerConnector@42f814cd{HTTP/1.1}{0.0.0.0:18089}
21.09.2018 17:37:08.055 INFO  [main] [o.e.j.server.handler.ContextHandler.doStop:865] - Stopped o.e.j.s.ServletContextHandler@5a77b7cc{/,null,UNAVAILABLE}
21.09.2018 17:37:08.055 INFO  [main] [o.e.j.server.handler.ContextHandler.doStop:865] - Stopped o.e.j.s.ServletContextHandler@59e83ff0{/__admin,null,UNAVAILABLE}
21.09.2018 17:37:08.056 WARN  [main] [o.e.j.util.thread.QueuedThreadPool.doStop:178] - qtp1858665047{STOPPING,8&lt;=8&lt;=10,i=4,q=4} Couldn&apos;t stop Thread[qtp1858665047-158,5,main]
21.09.2018 17:37:08.056 WARN  [main] [o.e.j.util.thread.QueuedThreadPool.doStop:178] - qtp1858665047{STOPPING,8&lt;=8&lt;=10,i=0,q=2} Couldn&apos;t stop Thread[qtp1858665047-163,5,]
</system-out>
  </testcase>
  <testcase classname="ee.sk.mid.MobileIdClientTest" name="authenticate_whenDeliveryError_shouldThrowException" time="0.092"/>
  <testcase classname="ee.sk.mid.MobileIdClientTest" name="authenticateWithDisplayText" time="0.078">
    <error message="com.fasterxml.jackson.databind.JsonMappingException: Can not instantiate value of type [simple type, class ee.sk.mid.rest.dao.SessionCertificate] from String value (&apos;MIIHhjCCBW6gAwIBAgIQDNYLtVwrKURYStrYApYViTANBgkqhkiG9w0BAQsFADBoMQswCQYDVQQGEwJFRTEiMCAGA1UECgwZQVMgU2VydGlmaXRzZWVyaW1pc2tlc2t1czEXMBUGA1UEYQwOTlRSRUUtMTA3NDcwMTMxHDAaBgNVBAMME1RFU1Qgb2YgRUlELVNLIDIwMTYwHhcNMTYxMjA5MTYyNDU2WhcNMTkxMjA5MTYyNDU2WjCBvzELMAkGA1UEBhMCRUUxIjAgBgNVBAoMGUFTIFNlcnRpZml0c2VlcmltaXNrZXNrdXMxGjAYBgNVBAsMEWRpZ2l0YWwgc2lnbmF0dXJlMS0wKwYDVQQDDCRFTEZSSUlEQSxNQU5JVkFMREUsUE5PRUUtMzExMTExMTExMTExETAPBgNVBAQMCEVMRlJJSURBMRIwEAYDVQQqDAlNQU5JVkFMREUxGjAYBgNVBAUTEVBOT0VFLTMxMTExMTExMTExMIICIjANBgkqhkiG9w0BAQEFAAOCAg8AMIICCgKCAgEAgcfk+eY6dvVyDDPpJPkoKpQ08pQx5Jpfjgq+G31lRSsx03y4WYWQhILu5R4isI6DGzQ1MK2dEsW9Dl+S39y7mDDqGlviVpxCtgz14H7NG84ew8vd+sBeaYCvEhKS4+FxRWCmg5VCozr3s2Evi/ao3Wj51ThtecVmAY7PoE27Zckr0GJ/0I+JqEQx19POBr/lNkZN1AxBy8O9gvDzdpCa2Vn9qahY9eZnDGScrP2KsR34UlXa5PjEMVPtSB4btPi9VOQuRoZImGchfUyf1A2uyIPhV5aC+Zgl60B65WxZ+/nEsVN4NoSgBUv+HlwuRxJPelQKeA9tPwKroqO9PGc5/ee2C1HLH7loD+SwahSPMOY2e8CQd6pLmRF1a/H+ZPWZBW+U7Ekm3YeNNJToUkuonAQB/JbwBvHkZXwsH4/kMHyMPiws5G3nr/jyqF2595KKghIgjGHR1WhGljQzdgO5LT4uuOhesGDRYeMUanvClWSb/mt0SdS8njziY7WoYPYFFFgjRvIIK5FgOd8d2W88I5pj2/SjcXb6GMqEqI3HkCBGPDSo57nSJZzJD8KjJs/4jvzZnGwCFZ8+jeyh562B01mkFfwFaoFOYfqRG3g5sGdZUdY9Nk3FZ8dgEwylUMSxmaL0R2/mzNVasFWp482eHwlK2rae3v+QtCHGfOKn+vsCAwEAAaOCAdIwggHOMAkGA1UdEwQCMAAwDgYDVR0PAQH/BAQDAgZAMFYGA1UdIARPME0wQAYKKwYBBAHOHwMRAjAyMDAGCCsGAQUFBwIBFiRodHRwczovL3d3dy5zay5lZS9lbi9yZXBvc2l0b3J5L0NQUy8wCQYHBACL7EABATAdBgNVHQ4EFgQUNxW1gjoB4+Qh46Rj3SuULubhtUMwgZkGCCsGAQUFBwEDBIGMMIGJMAgGBgQAjkYBATAVBggrBgEFBQcLAjAJBgcEAIvsSQEBMBMGBgQAjkYBBjAJBgcEAI5GAQYBMFEGBgQAjkYBBTBHMEUWP2h0dHBzOi8vc2suZWUvZW4vcmVwb3NpdG9yeS9jb25kaXRpb25zLWZvci11c2Utb2YtY2VydGlmaWNhdGVzLxMCRU4wHwYDVR0jBBgwFoAUrrDq4Tb4JqulzAtmVf46HQK/ErQwfQYIKwYBBQUHAQEEcTBvMCkGCCsGAQUFBzABhh1odHRwOi8vYWlhLmRlbW8uc2suZWUvZWlkMjAxNjBCBggrBgEFBQcwAoY2aHR0cHM6Ly9zay5lZS91cGxvYWQvZmlsZXMvVEVTVF9vZl9FSUQtU0tfMjAxNi5kZXIuY3J0MA0GCSqGSIb3DQEBCwUAA4ICAQCH+SY8KKgw5UDlVL99ToRWPpcloyfOM64UTnNgEDXDDI5r1CNNA0OlggzoEZfakNQJamHjIT287LV7nXFsB4Q9VzyI3H1J5mzVIZrMUiE68wf25BDuA3Zwpri+f8Me78f3nowO2cJ2AiMJ83vQFKKy1LFOixWguuxioKlda2Jq7B57ty5cN+jZwLO7Vrv4Tryg9QeOaxnFvHvuZaxMnE55of7cLpfyAH/5DKvlXx4cdmh7kNO4F/o2LT7om4Cf+Sq6tFS3cUn4zcQbFKT5lw+7vfewzG6X0qYnHbe7Ts/zhh7IJpHnPF1p23ND0+jHgbcDVTFjV4pN1PhVthYHOMeDW461okw2OA/jfuQetUlDwqT5yCdjrOTMDkjZCjTMhcVPzw+7hSUUnewKiR0smuyZbKpE/ZGZWUA6K0sieGCpHGKJo99zD3zmEWmOmq++D0TmVvEiXVJs8fuNWl+VmXSStkMeNR4noHAL1PFUebXVS0lPpQZzBKgqhMGAgbwvYajZnOlvXVll6QashxFZmOVNy88O67s+a2p1SmQTtqNrlodszqkKsc28nDbbvBUd4PUD5tmVgPe29Zwnm1TxFuhl0gqvVc+qZme8zq6yd3nCKNrY6qron4Xcc1rxCWS7NcyO5JiF+qXgAuDOkSFJaaEnQh83ZJsNneXD/nyBH8kSiQ==&apos;); no single-String constructor/factory method
 at [Source: org.glassfish.jersey.message.internal.ReaderInterceptorExecutor$UnCloseableInputStream@7a7ae0e1; line: 7, column: 4] (through reference chain: ee.sk.mid.rest.dao.SessionStatus[&quot;cert&quot;])" type="javax.ws.rs.client.ResponseProcessingException">javax.ws.rs.client.ResponseProcessingException: com.fasterxml.jackson.databind.JsonMappingException: Can not instantiate value of type [simple type, class ee.sk.mid.rest.dao.SessionCertificate] from String value (&apos;MIIHhjCCBW6gAwIBAgIQDNYLtVwrKURYStrYApYViTANBgkqhkiG9w0BAQsFADBoMQswCQYDVQQGEwJFRTEiMCAGA1UECgwZQVMgU2VydGlmaXRzZWVyaW1pc2tlc2t1czEXMBUGA1UEYQwOTlRSRUUtMTA3NDcwMTMxHDAaBgNVBAMME1RFU1Qgb2YgRUlELVNLIDIwMTYwHhcNMTYxMjA5MTYyNDU2WhcNMTkxMjA5MTYyNDU2WjCBvzELMAkGA1UEBhMCRUUxIjAgBgNVBAoMGUFTIFNlcnRpZml0c2VlcmltaXNrZXNrdXMxGjAYBgNVBAsMEWRpZ2l0YWwgc2lnbmF0dXJlMS0wKwYDVQQDDCRFTEZSSUlEQSxNQU5JVkFMREUsUE5PRUUtMzExMTExMTExMTExETAPBgNVBAQMCEVMRlJJSURBMRIwEAYDVQQqDAlNQU5JVkFMREUxGjAYBgNVBAUTEVBOT0VFLTMxMTExMTExMTExMIICIjANBgkqhkiG9w0BAQEFAAOCAg8AMIICCgKCAgEAgcfk+eY6dvVyDDPpJPkoKpQ08pQx5Jpfjgq+G31lRSsx03y4WYWQhILu5R4isI6DGzQ1MK2dEsW9Dl+S39y7mDDqGlviVpxCtgz14H7NG84ew8vd+sBeaYCvEhKS4+FxRWCmg5VCozr3s2Evi/ao3Wj51ThtecVmAY7PoE27Zckr0GJ/0I+JqEQx19POBr/lNkZN1AxBy8O9gvDzdpCa2Vn9qahY9eZnDGScrP2KsR34UlXa5PjEMVPtSB4btPi9VOQuRoZImGchfUyf1A2uyIPhV5aC+Zgl60B65WxZ+/nEsVN4NoSgBUv+HlwuRxJPelQKeA9tPwKroqO9PGc5/ee2C1HLH7loD+SwahSPMOY2e8CQd6pLmRF1a/H+ZPWZBW+U7Ekm3YeNNJToUkuonAQB/JbwBvHkZXwsH4/kMHyMPiws5G3nr/jyqF2595KKghIgjGHR1WhGljQzdgO5LT4uuOhesGDRYeMUanvClWSb/mt0SdS8njziY7WoYPYFFFgjRvIIK5FgOd8d2W88I5pj2/SjcXb6GMqEqI3HkCBGPDSo57nSJZzJD8KjJs/4jvzZnGwCFZ8+jeyh562B01mkFfwFaoFOYfqRG3g5sGdZUdY9Nk3FZ8dgEwylUMSxmaL0R2/mzNVasFWp482eHwlK2rae3v+QtCHGfOKn+vsCAwEAAaOCAdIwggHOMAkGA1UdEwQCMAAwDgYDVR0PAQH/BAQDAgZAMFYGA1UdIARPME0wQAYKKwYBBAHOHwMRAjAyMDAGCCsGAQUFBwIBFiRodHRwczovL3d3dy5zay5lZS9lbi9yZXBvc2l0b3J5L0NQUy8wCQYHBACL7EABATAdBgNVHQ4EFgQUNxW1gjoB4+Qh46Rj3SuULubhtUMwgZkGCCsGAQUFBwEDBIGMMIGJMAgGBgQAjkYBATAVBggrBgEFBQcLAjAJBgcEAIvsSQEBMBMGBgQAjkYBBjAJBgcEAI5GAQYBMFEGBgQAjkYBBTBHMEUWP2h0dHBzOi8vc2suZWUvZW4vcmVwb3NpdG9yeS9jb25kaXRpb25zLWZvci11c2Utb2YtY2VydGlmaWNhdGVzLxMCRU4wHwYDVR0jBBgwFoAUrrDq4Tb4JqulzAtmVf46HQK/ErQwfQYIKwYBBQUHAQEEcTBvMCkGCCsGAQUFBzABhh1odHRwOi8vYWlhLmRlbW8uc2suZWUvZWlkMjAxNjBCBggrBgEFBQcwAoY2aHR0cHM6Ly9zay5lZS91cGxvYWQvZmlsZXMvVEVTVF9vZl9FSUQtU0tfMjAxNi5kZXIuY3J0MA0GCSqGSIb3DQEBCwUAA4ICAQCH+SY8KKgw5UDlVL99ToRWPpcloyfOM64UTnNgEDXDDI5r1CNNA0OlggzoEZfakNQJamHjIT287LV7nXFsB4Q9VzyI3H1J5mzVIZrMUiE68wf25BDuA3Zwpri+f8Me78f3nowO2cJ2AiMJ83vQFKKy1LFOixWguuxioKlda2Jq7B57ty5cN+jZwLO7Vrv4Tryg9QeOaxnFvHvuZaxMnE55of7cLpfyAH/5DKvlXx4cdmh7kNO4F/o2LT7om4Cf+Sq6tFS3cUn4zcQbFKT5lw+7vfewzG6X0qYnHbe7Ts/zhh7IJpHnPF1p23ND0+jHgbcDVTFjV4pN1PhVthYHOMeDW461okw2OA/jfuQetUlDwqT5yCdjrOTMDkjZCjTMhcVPzw+7hSUUnewKiR0smuyZbKpE/ZGZWUA6K0sieGCpHGKJo99zD3zmEWmOmq++D0TmVvEiXVJs8fuNWl+VmXSStkMeNR4noHAL1PFUebXVS0lPpQZzBKgqhMGAgbwvYajZnOlvXVll6QashxFZmOVNy88O67s+a2p1SmQTtqNrlodszqkKsc28nDbbvBUd4PUD5tmVgPe29Zwnm1TxFuhl0gqvVc+qZme8zq6yd3nCKNrY6qron4Xcc1rxCWS7NcyO5JiF+qXgAuDOkSFJaaEnQh83ZJsNneXD/nyBH8kSiQ==&apos;); no single-String constructor/factory method
 at [Source: org.glassfish.jersey.message.internal.ReaderInterceptorExecutor$UnCloseableInputStream@7a7ae0e1; line: 7, column: 4] (through reference chain: ee.sk.mid.rest.dao.SessionStatus[&quot;cert&quot;])
	at org.glassfish.jersey.client.JerseyInvocation.translate(JerseyInvocation.java:809)
	at org.glassfish.jersey.client.JerseyInvocation.access$700(JerseyInvocation.java:92)
	at org.glassfish.jersey.client.JerseyInvocation$2.call(JerseyInvocation.java:701)
	at org.glassfish.jersey.internal.Errors.process(Errors.java:315)
	at org.glassfish.jersey.internal.Errors.process(Errors.java:297)
	at org.glassfish.jersey.internal.Errors.process(Errors.java:228)
	at org.glassfish.jersey.process.internal.RequestScope.runInScope(RequestScope.java:444)
	at org.glassfish.jersey.client.JerseyInvocation.invoke(JerseyInvocation.java:697)
	at org.glassfish.jersey.client.JerseyInvocation$Builder.method(JerseyInvocation.java:420)
	at org.glassfish.jersey.client.JerseyInvocation$Builder.get(JerseyInvocation.java:316)
	at ee.sk.mid.rest.MobileIdRestConnector.getSessionStatus(MobileIdRestConnector.java:60)
	at ee.sk.mid.rest.SessionStatusPoller.pollSessionStatus(SessionStatusPoller.java:57)
	at ee.sk.mid.rest.SessionStatusPoller.pollForFinalSessionStatus(SessionStatusPoller.java:43)
	at ee.sk.mid.rest.SessionStatusPoller.fetchFinalSessionStatus(SessionStatusPoller.java:31)
	at ee.sk.mid.AuthenticationRequestBuilder.authenticate(AuthenticationRequestBuilder.java:70)
	at ee.sk.mid.MobileIdClientTest.authenticateWithDisplayText(MobileIdClientTest.java:78)
	at sun.reflect.NativeMethodAccessorImpl.invoke0(Native Method)
	at sun.reflect.NativeMethodAccessorImpl.invoke(NativeMethodAccessorImpl.java:62)
	at sun.reflect.DelegatingMethodAccessorImpl.invoke(DelegatingMethodAccessorImpl.java:43)
	at java.lang.reflect.Method.invoke(Method.java:498)
	at org.junit.runners.model.FrameworkMethod$1.runReflectiveCall(FrameworkMethod.java:50)
	at org.junit.internal.runners.model.ReflectiveCallable.run(ReflectiveCallable.java:12)
	at org.junit.runners.model.FrameworkMethod.invokeExplosively(FrameworkMethod.java:47)
	at org.junit.internal.runners.statements.InvokeMethod.evaluate(InvokeMethod.java:17)
	at org.junit.internal.runners.statements.RunBefores.evaluate(RunBefores.java:26)
	at com.github.tomakehurst.wiremock.junit.WireMockRule$1.evaluate(WireMockRule.java:72)
	at org.junit.rules.RunRules.evaluate(RunRules.java:20)
	at org.junit.runners.ParentRunner.runLeaf(ParentRunner.java:325)
	at org.junit.runners.BlockJUnit4ClassRunner.runChild(BlockJUnit4ClassRunner.java:78)
	at org.junit.runners.BlockJUnit4ClassRunner.runChild(BlockJUnit4ClassRunner.java:57)
	at org.junit.runners.ParentRunner$3.run(ParentRunner.java:290)
	at org.junit.runners.ParentRunner$1.schedule(ParentRunner.java:71)
	at org.junit.runners.ParentRunner.runChildren(ParentRunner.java:288)
	at org.junit.runners.ParentRunner.access$000(ParentRunner.java:58)
	at org.junit.runners.ParentRunner$2.evaluate(ParentRunner.java:268)
	at org.junit.runners.ParentRunner.run(ParentRunner.java:363)
	at org.apache.maven.surefire.junit4.JUnit4Provider.execute(JUnit4Provider.java:252)
	at org.apache.maven.surefire.junit4.JUnit4Provider.executeTestSet(JUnit4Provider.java:141)
	at org.apache.maven.surefire.junit4.JUnit4Provider.invoke(JUnit4Provider.java:112)
	at sun.reflect.NativeMethodAccessorImpl.invoke0(Native Method)
	at sun.reflect.NativeMethodAccessorImpl.invoke(NativeMethodAccessorImpl.java:62)
	at sun.reflect.DelegatingMethodAccessorImpl.invoke(DelegatingMethodAccessorImpl.java:43)
	at java.lang.reflect.Method.invoke(Method.java:498)
	at org.apache.maven.surefire.util.ReflectionUtils.invokeMethodWithArray(ReflectionUtils.java:189)
	at org.apache.maven.surefire.booter.ProviderFactory$ProviderProxy.invoke(ProviderFactory.java:165)
	at org.apache.maven.surefire.booter.ProviderFactory.invokeProvider(ProviderFactory.java:85)
	at org.apache.maven.surefire.booter.ForkedBooter.runSuitesInProcess(ForkedBooter.java:115)
	at org.apache.maven.surefire.booter.ForkedBooter.main(ForkedBooter.java:75)
Caused by: com.fasterxml.jackson.databind.JsonMappingException: Can not instantiate value of type [simple type, class ee.sk.mid.rest.dao.SessionCertificate] from String value (&apos;MIIHhjCCBW6gAwIBAgIQDNYLtVwrKURYStrYApYViTANBgkqhkiG9w0BAQsFADBoMQswCQYDVQQGEwJFRTEiMCAGA1UECgwZQVMgU2VydGlmaXRzZWVyaW1pc2tlc2t1czEXMBUGA1UEYQwOTlRSRUUtMTA3NDcwMTMxHDAaBgNVBAMME1RFU1Qgb2YgRUlELVNLIDIwMTYwHhcNMTYxMjA5MTYyNDU2WhcNMTkxMjA5MTYyNDU2WjCBvzELMAkGA1UEBhMCRUUxIjAgBgNVBAoMGUFTIFNlcnRpZml0c2VlcmltaXNrZXNrdXMxGjAYBgNVBAsMEWRpZ2l0YWwgc2lnbmF0dXJlMS0wKwYDVQQDDCRFTEZSSUlEQSxNQU5JVkFMREUsUE5PRUUtMzExMTExMTExMTExETAPBgNVBAQMCEVMRlJJSURBMRIwEAYDVQQqDAlNQU5JVkFMREUxGjAYBgNVBAUTEVBOT0VFLTMxMTExMTExMTExMIICIjANBgkqhkiG9w0BAQEFAAOCAg8AMIICCgKCAgEAgcfk+eY6dvVyDDPpJPkoKpQ08pQx5Jpfjgq+G31lRSsx03y4WYWQhILu5R4isI6DGzQ1MK2dEsW9Dl+S39y7mDDqGlviVpxCtgz14H7NG84ew8vd+sBeaYCvEhKS4+FxRWCmg5VCozr3s2Evi/ao3Wj51ThtecVmAY7PoE27Zckr0GJ/0I+JqEQx19POBr/lNkZN1AxBy8O9gvDzdpCa2Vn9qahY9eZnDGScrP2KsR34UlXa5PjEMVPtSB4btPi9VOQuRoZImGchfUyf1A2uyIPhV5aC+Zgl60B65WxZ+/nEsVN4NoSgBUv+HlwuRxJPelQKeA9tPwKroqO9PGc5/ee2C1HLH7loD+SwahSPMOY2e8CQd6pLmRF1a/H+ZPWZBW+U7Ekm3YeNNJToUkuonAQB/JbwBvHkZXwsH4/kMHyMPiws5G3nr/jyqF2595KKghIgjGHR1WhGljQzdgO5LT4uuOhesGDRYeMUanvClWSb/mt0SdS8njziY7WoYPYFFFgjRvIIK5FgOd8d2W88I5pj2/SjcXb6GMqEqI3HkCBGPDSo57nSJZzJD8KjJs/4jvzZnGwCFZ8+jeyh562B01mkFfwFaoFOYfqRG3g5sGdZUdY9Nk3FZ8dgEwylUMSxmaL0R2/mzNVasFWp482eHwlK2rae3v+QtCHGfOKn+vsCAwEAAaOCAdIwggHOMAkGA1UdEwQCMAAwDgYDVR0PAQH/BAQDAgZAMFYGA1UdIARPME0wQAYKKwYBBAHOHwMRAjAyMDAGCCsGAQUFBwIBFiRodHRwczovL3d3dy5zay5lZS9lbi9yZXBvc2l0b3J5L0NQUy8wCQYHBACL7EABATAdBgNVHQ4EFgQUNxW1gjoB4+Qh46Rj3SuULubhtUMwgZkGCCsGAQUFBwEDBIGMMIGJMAgGBgQAjkYBATAVBggrBgEFBQcLAjAJBgcEAIvsSQEBMBMGBgQAjkYBBjAJBgcEAI5GAQYBMFEGBgQAjkYBBTBHMEUWP2h0dHBzOi8vc2suZWUvZW4vcmVwb3NpdG9yeS9jb25kaXRpb25zLWZvci11c2Utb2YtY2VydGlmaWNhdGVzLxMCRU4wHwYDVR0jBBgwFoAUrrDq4Tb4JqulzAtmVf46HQK/ErQwfQYIKwYBBQUHAQEEcTBvMCkGCCsGAQUFBzABhh1odHRwOi8vYWlhLmRlbW8uc2suZWUvZWlkMjAxNjBCBggrBgEFBQcwAoY2aHR0cHM6Ly9zay5lZS91cGxvYWQvZmlsZXMvVEVTVF9vZl9FSUQtU0tfMjAxNi5kZXIuY3J0MA0GCSqGSIb3DQEBCwUAA4ICAQCH+SY8KKgw5UDlVL99ToRWPpcloyfOM64UTnNgEDXDDI5r1CNNA0OlggzoEZfakNQJamHjIT287LV7nXFsB4Q9VzyI3H1J5mzVIZrMUiE68wf25BDuA3Zwpri+f8Me78f3nowO2cJ2AiMJ83vQFKKy1LFOixWguuxioKlda2Jq7B57ty5cN+jZwLO7Vrv4Tryg9QeOaxnFvHvuZaxMnE55of7cLpfyAH/5DKvlXx4cdmh7kNO4F/o2LT7om4Cf+Sq6tFS3cUn4zcQbFKT5lw+7vfewzG6X0qYnHbe7Ts/zhh7IJpHnPF1p23ND0+jHgbcDVTFjV4pN1PhVthYHOMeDW461okw2OA/jfuQetUlDwqT5yCdjrOTMDkjZCjTMhcVPzw+7hSUUnewKiR0smuyZbKpE/ZGZWUA6K0sieGCpHGKJo99zD3zmEWmOmq++D0TmVvEiXVJs8fuNWl+VmXSStkMeNR4noHAL1PFUebXVS0lPpQZzBKgqhMGAgbwvYajZnOlvXVll6QashxFZmOVNy88O67s+a2p1SmQTtqNrlodszqkKsc28nDbbvBUd4PUD5tmVgPe29Zwnm1TxFuhl0gqvVc+qZme8zq6yd3nCKNrY6qron4Xcc1rxCWS7NcyO5JiF+qXgAuDOkSFJaaEnQh83ZJsNneXD/nyBH8kSiQ==&apos;); no single-String constructor/factory method
 at [Source: org.glassfish.jersey.message.internal.ReaderInterceptorExecutor$UnCloseableInputStream@7a7ae0e1; line: 7, column: 4] (through reference chain: ee.sk.mid.rest.dao.SessionStatus[&quot;cert&quot;])
	at com.fasterxml.jackson.databind.JsonMappingException.from(JsonMappingException.java:148)
	at com.fasterxml.jackson.databind.DeserializationContext.mappingException(DeserializationContext.java:875)
	at com.fasterxml.jackson.databind.deser.ValueInstantiator._createFromStringFallbacks(ValueInstantiator.java:281)
	at com.fasterxml.jackson.databind.deser.std.StdValueInstantiator.createFromString(StdValueInstantiator.java:284)
	at com.fasterxml.jackson.databind.deser.BeanDeserializerBase.deserializeFromString(BeanDeserializerBase.java:1176)
	at com.fasterxml.jackson.databind.deser.BeanDeserializer._deserializeOther(BeanDeserializer.java:143)
	at com.fasterxml.jackson.databind.deser.BeanDeserializer.deserialize(BeanDeserializer.java:134)
	at com.fasterxml.jackson.databind.deser.SettableBeanProperty.deserialize(SettableBeanProperty.java:520)
	at com.fasterxml.jackson.databind.deser.impl.MethodProperty.deserializeAndSet(MethodProperty.java:95)
	at com.fasterxml.jackson.databind.deser.BeanDeserializer.vanillaDeserialize(BeanDeserializer.java:256)
	at com.fasterxml.jackson.databind.deser.BeanDeserializer.deserialize(BeanDeserializer.java:125)
	at com.fasterxml.jackson.databind.ObjectReader._bind(ObjectReader.java:1470)
	at com.fasterxml.jackson.databind.ObjectReader.readValue(ObjectReader.java:912)
	at com.fasterxml.jackson.jaxrs.base.ProviderBase.readFrom(ProviderBase.java:810)
	at org.glassfish.jersey.message.internal.ReaderInterceptorExecutor$TerminalReaderInterceptor.invokeReadFrom(ReaderInterceptorExecutor.java:256)
	at org.glassfish.jersey.message.internal.ReaderInterceptorExecutor$TerminalReaderInterceptor.aroundReadFrom(ReaderInterceptorExecutor.java:235)
	at org.glassfish.jersey.message.internal.ReaderInterceptorExecutor.proceed(ReaderInterceptorExecutor.java:155)
	at org.glassfish.jersey.message.internal.MessageBodyFactory.readFrom(MessageBodyFactory.java:1085)
	at org.glassfish.jersey.message.internal.InboundMessageContext.readEntity(InboundMessageContext.java:874)
	at org.glassfish.jersey.message.internal.InboundMessageContext.readEntity(InboundMessageContext.java:808)
	at org.glassfish.jersey.client.ClientResponse.readEntity(ClientResponse.java:326)
	at org.glassfish.jersey.client.JerseyInvocation.translate(JerseyInvocation.java:806)
	... 47 more
</error>
    <system-out>21.09.2018 17:37:08.150 INFO  [main] [org.eclipse.jetty.server.Server.doStart:327] - jetty-9.2.13.v20150730
21.09.2018 17:37:08.151 INFO  [main] [o.e.j.server.handler.ContextHandler.doStart:744] - Started o.e.j.s.ServletContextHandler@2f4d33b6{/__admin,null,AVAILABLE}
21.09.2018 17:37:08.152 INFO  [main] [o.e.j.server.handler.ContextHandler.doStart:744] - Started o.e.j.s.ServletContextHandler@551a7123{/,null,AVAILABLE}
21.09.2018 17:37:08.154 INFO  [main] [o.e.jetty.server.ServerConnector.doStart:266] - Started ServerConnector@138c28b5{HTTP/1.1}{0.0.0.0:18089}
21.09.2018 17:37:08.154 INFO  [main] [org.eclipse.jetty.server.Server.doStart:379] - Started @3955ms
21.09.2018 17:37:08.159 INFO  [qtp1315942706-185] [/__admin.log:2052] - RequestHandlerClass from context returned com.github.tomakehurst.wiremock.http.AdminRequestHandler. Normalized mapped under returned &apos;null&apos;
21.09.2018 17:37:08.190 DEBUG [main] [ee.sk.mid.rest.SessionStatusPoller.setPollingSleepTime:119] - Polling sleep time is 1 SECONDS
21.09.2018 17:37:08.191 DEBUG [main] [e.s.mid.AuthenticationRequestBuilder.&lt;init&gt;:20] - Instantiating authentication request builder
21.09.2018 17:37:08.191 DEBUG [main] [ee.sk.mid.rest.MobileIdRestConnector.authenticate:43] - Authenticating for phone number +37200007
21.09.2018 17:37:08.199 DEBUG [main] [ee.sk.mid.rest.LoggingFilter.logUrl:58] - POST http://localhost:18089/mid-api/authentication
21.09.2018 17:37:08.199 TRACE [main] [ee.sk.mid.rest.LoggingFilter.logHeaders:64] - Request headers: {Accept=[application/json], Content-Type=[application/json]}
21.09.2018 17:37:08.201 TRACE [main] [ee.sk.mid.rest.LoggingFilter.logRequestBody:98] - Message body: {&quot;relyingPartyUUID&quot;:&quot;e8189051-5634-4fbe-a6e8-fe1b9a9ef445&quot;,&quot;relyingPartyName&quot;:&quot;ToomasBank&quot;,&quot;phoneNumber&quot;:&quot;+37200007&quot;,&quot;nationalIdentityNumber&quot;:&quot;14212128025&quot;,&quot;hash&quot;:&quot;K74MSLkafRuKZ1Ooucvh2xa4Q3nz+R/hFWIShN96SPHNcem+uQ6mFMe9kkJQqp5EaoZnJeaFpl310TmlzRgNyQ==&quot;,&quot;hashType&quot;:&quot;SHA512&quot;,&quot;language&quot;:&quot;EST&quot;,&quot;displayText&quot;:&quot;Log into internet banking system&quot;}
21.09.2018 17:37:08.203 INFO  [qtp1315942706-185] [/.log:2052] - RequestHandlerClass from context returned com.github.tomakehurst.wiremock.http.StubRequestHandler. Normalized mapped under returned &apos;null&apos;
21.09.2018 17:37:08.204 DEBUG [main] [ee.sk.mid.rest.LoggingFilter.filter:40] - Response status: 200 - OK
21.09.2018 17:37:08.205 TRACE [main] [ee.sk.mid.rest.LoggingFilter.logResponseBody:80] - Response body: {
  &quot;sessionID&quot;: &quot;1dcc1600-29a6-4e95-a95c-d69b31febcfb&quot;
}
21.09.2018 17:37:08.206 DEBUG [main] [ee.sk.mid.rest.SessionStatusPoller.fetchFinalSessionStatus:29] - Starting to poll session status for session 1dcc1600-29a6-4e95-a95c-d69b31febcfb
21.09.2018 17:37:08.206 DEBUG [main] [ee.sk.mid.rest.SessionStatusPoller.pollSessionStatus:55] - Polling session status
21.09.2018 17:37:08.206 DEBUG [main] [ee.sk.mid.rest.MobileIdRestConnector.getSessionStatus:53] - Getting session status for 1dcc1600-29a6-4e95-a95c-d69b31febcfb
21.09.2018 17:37:08.216 DEBUG [main] [ee.sk.mid.rest.LoggingFilter.logUrl:58] - GET http://localhost:18089/mid-api/authentication/session/1dcc1600-29a6-4e95-a95c-d69b31febcfb
21.09.2018 17:37:08.217 TRACE [main] [ee.sk.mid.rest.LoggingFilter.logHeaders:64] - Request headers: {Accept=[application/json]}
21.09.2018 17:37:08.219 DEBUG [main] [ee.sk.mid.rest.LoggingFilter.filter:40] - Response status: 200 - OK
21.09.2018 17:37:08.220 TRACE [main] [ee.sk.mid.rest.LoggingFilter.logResponseBody:80] - Response body: {
  &quot;state&quot;: &quot;COMPLETE&quot;,
  &quot;result&quot;: &quot;OK&quot;,
  &quot;signature&quot;: {
    &quot;value&quot;: &quot;luvjsi1+1iLN9yfDFEh/BE8hXtAKhAIxilv0SEk8Qk0yoM9ms/Qsq6OtFoTFZfmpZNQtmEDg6ADeVNUfZrAoozSbqGggNP9pZLv0pQ6fvkoUjV0XI3FP5PuICuRp0vfC2w024cG/Rw2XGfZTcDWZ3IWVaS/C9tqbvA7l0Ssa8W9wUit2H5msNMyyviHJFW7m9yfjdMZe9ebPw9HGSHjnRGbzl7myUIZyWtlD5mqnk/tcU13+lD6DBYkGSW5eu125W1BMojH3sIRrKhEdZxkgwtg6KEuWQ85OQBMF3X5zFB62caKqKo42HfV74EcbaBChhJ32226VZju+JKN9D+WUeQ==&quot;,
    &quot;algorithm&quot;: &quot;sha256WithRSAEncryption&quot;
  },
  &quot;cert&quot;: &quot;MIIHhjCCBW6gAwIBAgIQDNYLtVwrKURYStrYApYViTANBgkqhkiG9w0BAQsFADBoMQswCQYDVQQGEwJFRTEiMCAGA1UECgwZQVMgU2VydGlmaXRzZWVyaW1pc2tlc2t1czEXMBUGA1UEYQwOTlRSRUUtMTA3NDcwMTMxHDAaBgNVBAMME1RFU1Qgb2YgRUlELVNLIDIwMTYwHhcNMTYxMjA5MTYyNDU2WhcNMTkxMjA5MTYyNDU2WjCBvzELMAkGA1UEBhMCRUUxIjAgBgNVBAoMGUFTIFNlcnRpZml0c2VlcmltaXNrZXNrdXMxGjAYBgNVBAsMEWRpZ2l0YWwgc2lnbmF0dXJlMS0wKwYDVQQDDCRFTEZSSUlEQSxNQU5JVkFMREUsUE5PRUUtMzExMTExMTExMTExETAPBgNVBAQMCEVMRlJJSURBMRIwEAYDVQQqDAlNQU5JVkFMREUxGjAYBgNVBAUTEVBOT0VFLTMxMTExMTExMTExMIICIjANBgkqhkiG9w0BAQEFAAOCAg8AMIICCgKCAgEAgcfk+eY6dvVyDDPpJPkoKpQ08pQx5Jpfjgq+G31lRSsx03y4WYWQhILu5R4isI6DGzQ1MK2dEsW9Dl+S39y7mDDqGlviVpxCtgz14H7NG84ew8vd+sBeaYCvEhKS4+FxRWCmg5VCozr3s2Evi/ao3Wj51ThtecVmAY7PoE27Zckr0GJ/0I+JqEQx19POBr/lNkZN1AxBy8O9gvDzdpCa2Vn9qahY9eZnDGScrP2KsR34UlXa5PjEMVPtSB4btPi9VOQuRoZImGchfUyf1A2uyIPhV5aC+Zgl60B65WxZ+/nEsVN4NoSgBUv+HlwuRxJPelQKeA9tPwKroqO9PGc5/ee2C1HLH7loD+SwahSPMOY2e8CQd6pLmRF1a/H+ZPWZBW+U7Ekm3YeNNJToUkuonAQB/JbwBvHkZXwsH4/kMHyMPiws5G3nr/jyqF2595KKghIgjGHR1WhGljQzdgO5LT4uuOhesGDRYeMUanvClWSb/mt0SdS8njziY7WoYPYFFFgjRvIIK5FgOd8d2W88I5pj2/SjcXb6GMqEqI3HkCBGPDSo57nSJZzJD8KjJs/4jvzZnGwCFZ8+jeyh562B01mkFfwFaoFOYfqRG3g5sGdZUdY9Nk3FZ8dgEwylUMSxmaL0R2/mzNVasFWp482eHwlK2rae3v+QtCHGfOKn+vsCAwEAAaOCAdIwggHOMAkGA1UdEwQCMAAwDgYDVR0PAQH/BAQDAgZAMFYGA1UdIARPME0wQAYKKwYBBAHOHwMRAjAyMDAGCCsGAQUFBwIBFiRodHRwczovL3d3dy5zay5lZS9lbi9yZXBvc2l0b3J5L0NQUy8wCQYHBACL7EABATAdBgNVHQ4EFgQUNxW1gjoB4+Qh46Rj3SuULubhtUMwgZkGCCsGAQUFBwEDBIGMMIGJMAgGBgQAjkYBATAVBggrBgEFBQcLAjAJBgcEAIvsSQEBMBMGBgQAjkYBBjAJBgcEAI5GAQYBMFEGBgQAjkYBBTBHMEUWP2h0dHBzOi8vc2suZWUvZW4vcmVwb3NpdG9yeS9jb25kaXRpb25zLWZvci11c2Utb2YtY2VydGlmaWNhdGVzLxMCRU4wHwYDVR0jBBgwFoAUrrDq4Tb4JqulzAtmVf46HQK/ErQwfQYIKwYBBQUHAQEEcTBvMCkGCCsGAQUFBzABhh1odHRwOi8vYWlhLmRlbW8uc2suZWUvZWlkMjAxNjBCBggrBgEFBQcwAoY2aHR0cHM6Ly9zay5lZS91cGxvYWQvZmlsZXMvVEVTVF9vZl9FSUQtU0tfMjAxNi5kZXIuY3J0MA0GCSqGSIb3DQEBCwUAA4ICAQCH+SY8KKgw5UDlVL99ToRWPpcloyfOM64UTnNgEDXDDI5r1CNNA0OlggzoEZfakNQJamHjIT287LV7nXFsB4Q9VzyI3H1J5mzVIZrMUiE68wf25BDuA3Zwpri+f8Me78f3nowO2cJ2AiMJ83vQFKKy1LFOixWguuxioKlda2Jq7B57ty5cN+jZwLO7Vrv4Tryg9QeOaxnFvHvuZaxMnE55of7cLpfyAH/5DKvlXx4cdmh7kNO4F/o2LT7om4Cf+Sq6tFS3cUn4zcQbFKT5lw+7vfewzG6X0qYnHbe7Ts/zhh7IJpHnPF1p23ND0+jHgbcDVTFjV4pN1PhVthYHOMeDW461okw2OA/jfuQetUlDwqT5yCdjrOTMDkjZCjTMhcVPzw+7hSUUnewKiR0smuyZbKpE/ZGZWUA6K0sieGCpHGKJo99zD3zmEWmOmq++D0TmVvEiXVJs8fuNWl+VmXSStkMeNR4noHAL1PFUebXVS0lPpQZzBKgqhMGAgbwvYajZnOlvXVll6QashxFZmOVNy88O67s+a2p1SmQTtqNrlodszqkKsc28nDbbvBUd4PUD5tmVgPe29Zwnm1TxFuhl0gqvVc+qZme8zq6yd3nCKNrY6qron4Xcc1rxCWS7NcyO5JiF+qXgAuDOkSFJaaEnQh83ZJsNneXD/nyBH8kSiQ==&quot;
}
21.09.2018 17:37:08.223 INFO  [main] [o.e.jetty.server.ServerConnector.doStop:306] - Stopped ServerConnector@138c28b5{HTTP/1.1}{0.0.0.0:18089}
21.09.2018 17:37:08.223 INFO  [main] [o.e.j.server.handler.ContextHandler.doStop:865] - Stopped o.e.j.s.ServletContextHandler@551a7123{/,null,UNAVAILABLE}
21.09.2018 17:37:08.223 INFO  [main] [o.e.j.server.handler.ContextHandler.doStop:865] - Stopped o.e.j.s.ServletContextHandler@2f4d33b6{/__admin,null,UNAVAILABLE}
21.09.2018 17:37:08.224 WARN  [main] [o.e.j.util.thread.QueuedThreadPool.doStop:178] - qtp1315942706{STOPPING,8&lt;=8&lt;=10,i=5,q=6} Couldn&apos;t stop Thread[qtp1315942706-181,5,]
21.09.2018 17:37:08.224 WARN  [main] [o.e.j.util.thread.QueuedThreadPool.doStop:178] - qtp1315942706{STOPPING,8&lt;=8&lt;=10,i=0,q=5} Couldn&apos;t stop Thread[qtp1315942706-182,5,]
</system-out>
  </testcase>
  <testcase classname="ee.sk.mid.MobileIdClientTest" name="authenticate_whenInvalidCardResponse_shouldThrowException" time="0.083"/>
  <testcase classname="ee.sk.mid.MobileIdClientTest" name="authenticate" time="0.08">
    <error message="com.fasterxml.jackson.databind.JsonMappingException: Can not instantiate value of type [simple type, class ee.sk.mid.rest.dao.SessionCertificate] from String value (&apos;MIIHhjCCBW6gAwIBAgIQDNYLtVwrKURYStrYApYViTANBgkqhkiG9w0BAQsFADBoMQswCQYDVQQGEwJFRTEiMCAGA1UECgwZQVMgU2VydGlmaXRzZWVyaW1pc2tlc2t1czEXMBUGA1UEYQwOTlRSRUUtMTA3NDcwMTMxHDAaBgNVBAMME1RFU1Qgb2YgRUlELVNLIDIwMTYwHhcNMTYxMjA5MTYyNDU2WhcNMTkxMjA5MTYyNDU2WjCBvzELMAkGA1UEBhMCRUUxIjAgBgNVBAoMGUFTIFNlcnRpZml0c2VlcmltaXNrZXNrdXMxGjAYBgNVBAsMEWRpZ2l0YWwgc2lnbmF0dXJlMS0wKwYDVQQDDCRFTEZSSUlEQSxNQU5JVkFMREUsUE5PRUUtMzExMTExMTExMTExETAPBgNVBAQMCEVMRlJJSURBMRIwEAYDVQQqDAlNQU5JVkFMREUxGjAYBgNVBAUTEVBOT0VFLTMxMTExMTExMTExMIICIjANBgkqhkiG9w0BAQEFAAOCAg8AMIICCgKCAgEAgcfk+eY6dvVyDDPpJPkoKpQ08pQx5Jpfjgq+G31lRSsx03y4WYWQhILu5R4isI6DGzQ1MK2dEsW9Dl+S39y7mDDqGlviVpxCtgz14H7NG84ew8vd+sBeaYCvEhKS4+FxRWCmg5VCozr3s2Evi/ao3Wj51ThtecVmAY7PoE27Zckr0GJ/0I+JqEQx19POBr/lNkZN1AxBy8O9gvDzdpCa2Vn9qahY9eZnDGScrP2KsR34UlXa5PjEMVPtSB4btPi9VOQuRoZImGchfUyf1A2uyIPhV5aC+Zgl60B65WxZ+/nEsVN4NoSgBUv+HlwuRxJPelQKeA9tPwKroqO9PGc5/ee2C1HLH7loD+SwahSPMOY2e8CQd6pLmRF1a/H+ZPWZBW+U7Ekm3YeNNJToUkuonAQB/JbwBvHkZXwsH4/kMHyMPiws5G3nr/jyqF2595KKghIgjGHR1WhGljQzdgO5LT4uuOhesGDRYeMUanvClWSb/mt0SdS8njziY7WoYPYFFFgjRvIIK5FgOd8d2W88I5pj2/SjcXb6GMqEqI3HkCBGPDSo57nSJZzJD8KjJs/4jvzZnGwCFZ8+jeyh562B01mkFfwFaoFOYfqRG3g5sGdZUdY9Nk3FZ8dgEwylUMSxmaL0R2/mzNVasFWp482eHwlK2rae3v+QtCHGfOKn+vsCAwEAAaOCAdIwggHOMAkGA1UdEwQCMAAwDgYDVR0PAQH/BAQDAgZAMFYGA1UdIARPME0wQAYKKwYBBAHOHwMRAjAyMDAGCCsGAQUFBwIBFiRodHRwczovL3d3dy5zay5lZS9lbi9yZXBvc2l0b3J5L0NQUy8wCQYHBACL7EABATAdBgNVHQ4EFgQUNxW1gjoB4+Qh46Rj3SuULubhtUMwgZkGCCsGAQUFBwEDBIGMMIGJMAgGBgQAjkYBATAVBggrBgEFBQcLAjAJBgcEAIvsSQEBMBMGBgQAjkYBBjAJBgcEAI5GAQYBMFEGBgQAjkYBBTBHMEUWP2h0dHBzOi8vc2suZWUvZW4vcmVwb3NpdG9yeS9jb25kaXRpb25zLWZvci11c2Utb2YtY2VydGlmaWNhdGVzLxMCRU4wHwYDVR0jBBgwFoAUrrDq4Tb4JqulzAtmVf46HQK/ErQwfQYIKwYBBQUHAQEEcTBvMCkGCCsGAQUFBzABhh1odHRwOi8vYWlhLmRlbW8uc2suZWUvZWlkMjAxNjBCBggrBgEFBQcwAoY2aHR0cHM6Ly9zay5lZS91cGxvYWQvZmlsZXMvVEVTVF9vZl9FSUQtU0tfMjAxNi5kZXIuY3J0MA0GCSqGSIb3DQEBCwUAA4ICAQCH+SY8KKgw5UDlVL99ToRWPpcloyfOM64UTnNgEDXDDI5r1CNNA0OlggzoEZfakNQJamHjIT287LV7nXFsB4Q9VzyI3H1J5mzVIZrMUiE68wf25BDuA3Zwpri+f8Me78f3nowO2cJ2AiMJ83vQFKKy1LFOixWguuxioKlda2Jq7B57ty5cN+jZwLO7Vrv4Tryg9QeOaxnFvHvuZaxMnE55of7cLpfyAH/5DKvlXx4cdmh7kNO4F/o2LT7om4Cf+Sq6tFS3cUn4zcQbFKT5lw+7vfewzG6X0qYnHbe7Ts/zhh7IJpHnPF1p23ND0+jHgbcDVTFjV4pN1PhVthYHOMeDW461okw2OA/jfuQetUlDwqT5yCdjrOTMDkjZCjTMhcVPzw+7hSUUnewKiR0smuyZbKpE/ZGZWUA6K0sieGCpHGKJo99zD3zmEWmOmq++D0TmVvEiXVJs8fuNWl+VmXSStkMeNR4noHAL1PFUebXVS0lPpQZzBKgqhMGAgbwvYajZnOlvXVll6QashxFZmOVNy88O67s+a2p1SmQTtqNrlodszqkKsc28nDbbvBUd4PUD5tmVgPe29Zwnm1TxFuhl0gqvVc+qZme8zq6yd3nCKNrY6qron4Xcc1rxCWS7NcyO5JiF+qXgAuDOkSFJaaEnQh83ZJsNneXD/nyBH8kSiQ==&apos;); no single-String constructor/factory method
 at [Source: org.glassfish.jersey.message.internal.ReaderInterceptorExecutor$UnCloseableInputStream@4710240f; line: 7, column: 4] (through reference chain: ee.sk.mid.rest.dao.SessionStatus[&quot;cert&quot;])" type="javax.ws.rs.client.ResponseProcessingException">javax.ws.rs.client.ResponseProcessingException: com.fasterxml.jackson.databind.JsonMappingException: Can not instantiate value of type [simple type, class ee.sk.mid.rest.dao.SessionCertificate] from String value (&apos;MIIHhjCCBW6gAwIBAgIQDNYLtVwrKURYStrYApYViTANBgkqhkiG9w0BAQsFADBoMQswCQYDVQQGEwJFRTEiMCAGA1UECgwZQVMgU2VydGlmaXRzZWVyaW1pc2tlc2t1czEXMBUGA1UEYQwOTlRSRUUtMTA3NDcwMTMxHDAaBgNVBAMME1RFU1Qgb2YgRUlELVNLIDIwMTYwHhcNMTYxMjA5MTYyNDU2WhcNMTkxMjA5MTYyNDU2WjCBvzELMAkGA1UEBhMCRUUxIjAgBgNVBAoMGUFTIFNlcnRpZml0c2VlcmltaXNrZXNrdXMxGjAYBgNVBAsMEWRpZ2l0YWwgc2lnbmF0dXJlMS0wKwYDVQQDDCRFTEZSSUlEQSxNQU5JVkFMREUsUE5PRUUtMzExMTExMTExMTExETAPBgNVBAQMCEVMRlJJSURBMRIwEAYDVQQqDAlNQU5JVkFMREUxGjAYBgNVBAUTEVBOT0VFLTMxMTExMTExMTExMIICIjANBgkqhkiG9w0BAQEFAAOCAg8AMIICCgKCAgEAgcfk+eY6dvVyDDPpJPkoKpQ08pQx5Jpfjgq+G31lRSsx03y4WYWQhILu5R4isI6DGzQ1MK2dEsW9Dl+S39y7mDDqGlviVpxCtgz14H7NG84ew8vd+sBeaYCvEhKS4+FxRWCmg5VCozr3s2Evi/ao3Wj51ThtecVmAY7PoE27Zckr0GJ/0I+JqEQx19POBr/lNkZN1AxBy8O9gvDzdpCa2Vn9qahY9eZnDGScrP2KsR34UlXa5PjEMVPtSB4btPi9VOQuRoZImGchfUyf1A2uyIPhV5aC+Zgl60B65WxZ+/nEsVN4NoSgBUv+HlwuRxJPelQKeA9tPwKroqO9PGc5/ee2C1HLH7loD+SwahSPMOY2e8CQd6pLmRF1a/H+ZPWZBW+U7Ekm3YeNNJToUkuonAQB/JbwBvHkZXwsH4/kMHyMPiws5G3nr/jyqF2595KKghIgjGHR1WhGljQzdgO5LT4uuOhesGDRYeMUanvClWSb/mt0SdS8njziY7WoYPYFFFgjRvIIK5FgOd8d2W88I5pj2/SjcXb6GMqEqI3HkCBGPDSo57nSJZzJD8KjJs/4jvzZnGwCFZ8+jeyh562B01mkFfwFaoFOYfqRG3g5sGdZUdY9Nk3FZ8dgEwylUMSxmaL0R2/mzNVasFWp482eHwlK2rae3v+QtCHGfOKn+vsCAwEAAaOCAdIwggHOMAkGA1UdEwQCMAAwDgYDVR0PAQH/BAQDAgZAMFYGA1UdIARPME0wQAYKKwYBBAHOHwMRAjAyMDAGCCsGAQUFBwIBFiRodHRwczovL3d3dy5zay5lZS9lbi9yZXBvc2l0b3J5L0NQUy8wCQYHBACL7EABATAdBgNVHQ4EFgQUNxW1gjoB4+Qh46Rj3SuULubhtUMwgZkGCCsGAQUFBwEDBIGMMIGJMAgGBgQAjkYBATAVBggrBgEFBQcLAjAJBgcEAIvsSQEBMBMGBgQAjkYBBjAJBgcEAI5GAQYBMFEGBgQAjkYBBTBHMEUWP2h0dHBzOi8vc2suZWUvZW4vcmVwb3NpdG9yeS9jb25kaXRpb25zLWZvci11c2Utb2YtY2VydGlmaWNhdGVzLxMCRU4wHwYDVR0jBBgwFoAUrrDq4Tb4JqulzAtmVf46HQK/ErQwfQYIKwYBBQUHAQEEcTBvMCkGCCsGAQUFBzABhh1odHRwOi8vYWlhLmRlbW8uc2suZWUvZWlkMjAxNjBCBggrBgEFBQcwAoY2aHR0cHM6Ly9zay5lZS91cGxvYWQvZmlsZXMvVEVTVF9vZl9FSUQtU0tfMjAxNi5kZXIuY3J0MA0GCSqGSIb3DQEBCwUAA4ICAQCH+SY8KKgw5UDlVL99ToRWPpcloyfOM64UTnNgEDXDDI5r1CNNA0OlggzoEZfakNQJamHjIT287LV7nXFsB4Q9VzyI3H1J5mzVIZrMUiE68wf25BDuA3Zwpri+f8Me78f3nowO2cJ2AiMJ83vQFKKy1LFOixWguuxioKlda2Jq7B57ty5cN+jZwLO7Vrv4Tryg9QeOaxnFvHvuZaxMnE55of7cLpfyAH/5DKvlXx4cdmh7kNO4F/o2LT7om4Cf+Sq6tFS3cUn4zcQbFKT5lw+7vfewzG6X0qYnHbe7Ts/zhh7IJpHnPF1p23ND0+jHgbcDVTFjV4pN1PhVthYHOMeDW461okw2OA/jfuQetUlDwqT5yCdjrOTMDkjZCjTMhcVPzw+7hSUUnewKiR0smuyZbKpE/ZGZWUA6K0sieGCpHGKJo99zD3zmEWmOmq++D0TmVvEiXVJs8fuNWl+VmXSStkMeNR4noHAL1PFUebXVS0lPpQZzBKgqhMGAgbwvYajZnOlvXVll6QashxFZmOVNy88O67s+a2p1SmQTtqNrlodszqkKsc28nDbbvBUd4PUD5tmVgPe29Zwnm1TxFuhl0gqvVc+qZme8zq6yd3nCKNrY6qron4Xcc1rxCWS7NcyO5JiF+qXgAuDOkSFJaaEnQh83ZJsNneXD/nyBH8kSiQ==&apos;); no single-String constructor/factory method
 at [Source: org.glassfish.jersey.message.internal.ReaderInterceptorExecutor$UnCloseableInputStream@4710240f; line: 7, column: 4] (through reference chain: ee.sk.mid.rest.dao.SessionStatus[&quot;cert&quot;])
	at org.glassfish.jersey.client.JerseyInvocation.translate(JerseyInvocation.java:809)
	at org.glassfish.jersey.client.JerseyInvocation.access$700(JerseyInvocation.java:92)
	at org.glassfish.jersey.client.JerseyInvocation$2.call(JerseyInvocation.java:701)
	at org.glassfish.jersey.internal.Errors.process(Errors.java:315)
	at org.glassfish.jersey.internal.Errors.process(Errors.java:297)
	at org.glassfish.jersey.internal.Errors.process(Errors.java:228)
	at org.glassfish.jersey.process.internal.RequestScope.runInScope(RequestScope.java:444)
	at org.glassfish.jersey.client.JerseyInvocation.invoke(JerseyInvocation.java:697)
	at org.glassfish.jersey.client.JerseyInvocation$Builder.method(JerseyInvocation.java:420)
	at org.glassfish.jersey.client.JerseyInvocation$Builder.get(JerseyInvocation.java:316)
	at ee.sk.mid.rest.MobileIdRestConnector.getSessionStatus(MobileIdRestConnector.java:60)
	at ee.sk.mid.rest.SessionStatusPoller.pollSessionStatus(SessionStatusPoller.java:57)
	at ee.sk.mid.rest.SessionStatusPoller.pollForFinalSessionStatus(SessionStatusPoller.java:43)
	at ee.sk.mid.rest.SessionStatusPoller.fetchFinalSessionStatus(SessionStatusPoller.java:31)
	at ee.sk.mid.AuthenticationRequestBuilder.authenticate(AuthenticationRequestBuilder.java:70)
	at ee.sk.mid.MobileIdClientTest.authenticate(MobileIdClientTest.java:58)
	at sun.reflect.NativeMethodAccessorImpl.invoke0(Native Method)
	at sun.reflect.NativeMethodAccessorImpl.invoke(NativeMethodAccessorImpl.java:62)
	at sun.reflect.DelegatingMethodAccessorImpl.invoke(DelegatingMethodAccessorImpl.java:43)
	at java.lang.reflect.Method.invoke(Method.java:498)
	at org.junit.runners.model.FrameworkMethod$1.runReflectiveCall(FrameworkMethod.java:50)
	at org.junit.internal.runners.model.ReflectiveCallable.run(ReflectiveCallable.java:12)
	at org.junit.runners.model.FrameworkMethod.invokeExplosively(FrameworkMethod.java:47)
	at org.junit.internal.runners.statements.InvokeMethod.evaluate(InvokeMethod.java:17)
	at org.junit.internal.runners.statements.RunBefores.evaluate(RunBefores.java:26)
	at com.github.tomakehurst.wiremock.junit.WireMockRule$1.evaluate(WireMockRule.java:72)
	at org.junit.rules.RunRules.evaluate(RunRules.java:20)
	at org.junit.runners.ParentRunner.runLeaf(ParentRunner.java:325)
	at org.junit.runners.BlockJUnit4ClassRunner.runChild(BlockJUnit4ClassRunner.java:78)
	at org.junit.runners.BlockJUnit4ClassRunner.runChild(BlockJUnit4ClassRunner.java:57)
	at org.junit.runners.ParentRunner$3.run(ParentRunner.java:290)
	at org.junit.runners.ParentRunner$1.schedule(ParentRunner.java:71)
	at org.junit.runners.ParentRunner.runChildren(ParentRunner.java:288)
	at org.junit.runners.ParentRunner.access$000(ParentRunner.java:58)
	at org.junit.runners.ParentRunner$2.evaluate(ParentRunner.java:268)
	at org.junit.runners.ParentRunner.run(ParentRunner.java:363)
	at org.apache.maven.surefire.junit4.JUnit4Provider.execute(JUnit4Provider.java:252)
	at org.apache.maven.surefire.junit4.JUnit4Provider.executeTestSet(JUnit4Provider.java:141)
	at org.apache.maven.surefire.junit4.JUnit4Provider.invoke(JUnit4Provider.java:112)
	at sun.reflect.NativeMethodAccessorImpl.invoke0(Native Method)
	at sun.reflect.NativeMethodAccessorImpl.invoke(NativeMethodAccessorImpl.java:62)
	at sun.reflect.DelegatingMethodAccessorImpl.invoke(DelegatingMethodAccessorImpl.java:43)
	at java.lang.reflect.Method.invoke(Method.java:498)
	at org.apache.maven.surefire.util.ReflectionUtils.invokeMethodWithArray(ReflectionUtils.java:189)
	at org.apache.maven.surefire.booter.ProviderFactory$ProviderProxy.invoke(ProviderFactory.java:165)
	at org.apache.maven.surefire.booter.ProviderFactory.invokeProvider(ProviderFactory.java:85)
	at org.apache.maven.surefire.booter.ForkedBooter.runSuitesInProcess(ForkedBooter.java:115)
	at org.apache.maven.surefire.booter.ForkedBooter.main(ForkedBooter.java:75)
Caused by: com.fasterxml.jackson.databind.JsonMappingException: Can not instantiate value of type [simple type, class ee.sk.mid.rest.dao.SessionCertificate] from String value (&apos;MIIHhjCCBW6gAwIBAgIQDNYLtVwrKURYStrYApYViTANBgkqhkiG9w0BAQsFADBoMQswCQYDVQQGEwJFRTEiMCAGA1UECgwZQVMgU2VydGlmaXRzZWVyaW1pc2tlc2t1czEXMBUGA1UEYQwOTlRSRUUtMTA3NDcwMTMxHDAaBgNVBAMME1RFU1Qgb2YgRUlELVNLIDIwMTYwHhcNMTYxMjA5MTYyNDU2WhcNMTkxMjA5MTYyNDU2WjCBvzELMAkGA1UEBhMCRUUxIjAgBgNVBAoMGUFTIFNlcnRpZml0c2VlcmltaXNrZXNrdXMxGjAYBgNVBAsMEWRpZ2l0YWwgc2lnbmF0dXJlMS0wKwYDVQQDDCRFTEZSSUlEQSxNQU5JVkFMREUsUE5PRUUtMzExMTExMTExMTExETAPBgNVBAQMCEVMRlJJSURBMRIwEAYDVQQqDAlNQU5JVkFMREUxGjAYBgNVBAUTEVBOT0VFLTMxMTExMTExMTExMIICIjANBgkqhkiG9w0BAQEFAAOCAg8AMIICCgKCAgEAgcfk+eY6dvVyDDPpJPkoKpQ08pQx5Jpfjgq+G31lRSsx03y4WYWQhILu5R4isI6DGzQ1MK2dEsW9Dl+S39y7mDDqGlviVpxCtgz14H7NG84ew8vd+sBeaYCvEhKS4+FxRWCmg5VCozr3s2Evi/ao3Wj51ThtecVmAY7PoE27Zckr0GJ/0I+JqEQx19POBr/lNkZN1AxBy8O9gvDzdpCa2Vn9qahY9eZnDGScrP2KsR34UlXa5PjEMVPtSB4btPi9VOQuRoZImGchfUyf1A2uyIPhV5aC+Zgl60B65WxZ+/nEsVN4NoSgBUv+HlwuRxJPelQKeA9tPwKroqO9PGc5/ee2C1HLH7loD+SwahSPMOY2e8CQd6pLmRF1a/H+ZPWZBW+U7Ekm3YeNNJToUkuonAQB/JbwBvHkZXwsH4/kMHyMPiws5G3nr/jyqF2595KKghIgjGHR1WhGljQzdgO5LT4uuOhesGDRYeMUanvClWSb/mt0SdS8njziY7WoYPYFFFgjRvIIK5FgOd8d2W88I5pj2/SjcXb6GMqEqI3HkCBGPDSo57nSJZzJD8KjJs/4jvzZnGwCFZ8+jeyh562B01mkFfwFaoFOYfqRG3g5sGdZUdY9Nk3FZ8dgEwylUMSxmaL0R2/mzNVasFWp482eHwlK2rae3v+QtCHGfOKn+vsCAwEAAaOCAdIwggHOMAkGA1UdEwQCMAAwDgYDVR0PAQH/BAQDAgZAMFYGA1UdIARPME0wQAYKKwYBBAHOHwMRAjAyMDAGCCsGAQUFBwIBFiRodHRwczovL3d3dy5zay5lZS9lbi9yZXBvc2l0b3J5L0NQUy8wCQYHBACL7EABATAdBgNVHQ4EFgQUNxW1gjoB4+Qh46Rj3SuULubhtUMwgZkGCCsGAQUFBwEDBIGMMIGJMAgGBgQAjkYBATAVBggrBgEFBQcLAjAJBgcEAIvsSQEBMBMGBgQAjkYBBjAJBgcEAI5GAQYBMFEGBgQAjkYBBTBHMEUWP2h0dHBzOi8vc2suZWUvZW4vcmVwb3NpdG9yeS9jb25kaXRpb25zLWZvci11c2Utb2YtY2VydGlmaWNhdGVzLxMCRU4wHwYDVR0jBBgwFoAUrrDq4Tb4JqulzAtmVf46HQK/ErQwfQYIKwYBBQUHAQEEcTBvMCkGCCsGAQUFBzABhh1odHRwOi8vYWlhLmRlbW8uc2suZWUvZWlkMjAxNjBCBggrBgEFBQcwAoY2aHR0cHM6Ly9zay5lZS91cGxvYWQvZmlsZXMvVEVTVF9vZl9FSUQtU0tfMjAxNi5kZXIuY3J0MA0GCSqGSIb3DQEBCwUAA4ICAQCH+SY8KKgw5UDlVL99ToRWPpcloyfOM64UTnNgEDXDDI5r1CNNA0OlggzoEZfakNQJamHjIT287LV7nXFsB4Q9VzyI3H1J5mzVIZrMUiE68wf25BDuA3Zwpri+f8Me78f3nowO2cJ2AiMJ83vQFKKy1LFOixWguuxioKlda2Jq7B57ty5cN+jZwLO7Vrv4Tryg9QeOaxnFvHvuZaxMnE55of7cLpfyAH/5DKvlXx4cdmh7kNO4F/o2LT7om4Cf+Sq6tFS3cUn4zcQbFKT5lw+7vfewzG6X0qYnHbe7Ts/zhh7IJpHnPF1p23ND0+jHgbcDVTFjV4pN1PhVthYHOMeDW461okw2OA/jfuQetUlDwqT5yCdjrOTMDkjZCjTMhcVPzw+7hSUUnewKiR0smuyZbKpE/ZGZWUA6K0sieGCpHGKJo99zD3zmEWmOmq++D0TmVvEiXVJs8fuNWl+VmXSStkMeNR4noHAL1PFUebXVS0lPpQZzBKgqhMGAgbwvYajZnOlvXVll6QashxFZmOVNy88O67s+a2p1SmQTtqNrlodszqkKsc28nDbbvBUd4PUD5tmVgPe29Zwnm1TxFuhl0gqvVc+qZme8zq6yd3nCKNrY6qron4Xcc1rxCWS7NcyO5JiF+qXgAuDOkSFJaaEnQh83ZJsNneXD/nyBH8kSiQ==&apos;); no single-String constructor/factory method
 at [Source: org.glassfish.jersey.message.internal.ReaderInterceptorExecutor$UnCloseableInputStream@4710240f; line: 7, column: 4] (through reference chain: ee.sk.mid.rest.dao.SessionStatus[&quot;cert&quot;])
	at com.fasterxml.jackson.databind.JsonMappingException.from(JsonMappingException.java:148)
	at com.fasterxml.jackson.databind.DeserializationContext.mappingException(DeserializationContext.java:875)
	at com.fasterxml.jackson.databind.deser.ValueInstantiator._createFromStringFallbacks(ValueInstantiator.java:281)
	at com.fasterxml.jackson.databind.deser.std.StdValueInstantiator.createFromString(StdValueInstantiator.java:284)
	at com.fasterxml.jackson.databind.deser.BeanDeserializerBase.deserializeFromString(BeanDeserializerBase.java:1176)
	at com.fasterxml.jackson.databind.deser.BeanDeserializer._deserializeOther(BeanDeserializer.java:143)
	at com.fasterxml.jackson.databind.deser.BeanDeserializer.deserialize(BeanDeserializer.java:134)
	at com.fasterxml.jackson.databind.deser.SettableBeanProperty.deserialize(SettableBeanProperty.java:520)
	at com.fasterxml.jackson.databind.deser.impl.MethodProperty.deserializeAndSet(MethodProperty.java:95)
	at com.fasterxml.jackson.databind.deser.BeanDeserializer.vanillaDeserialize(BeanDeserializer.java:256)
	at com.fasterxml.jackson.databind.deser.BeanDeserializer.deserialize(BeanDeserializer.java:125)
	at com.fasterxml.jackson.databind.ObjectReader._bind(ObjectReader.java:1470)
	at com.fasterxml.jackson.databind.ObjectReader.readValue(ObjectReader.java:912)
	at com.fasterxml.jackson.jaxrs.base.ProviderBase.readFrom(ProviderBase.java:810)
	at org.glassfish.jersey.message.internal.ReaderInterceptorExecutor$TerminalReaderInterceptor.invokeReadFrom(ReaderInterceptorExecutor.java:256)
	at org.glassfish.jersey.message.internal.ReaderInterceptorExecutor$TerminalReaderInterceptor.aroundReadFrom(ReaderInterceptorExecutor.java:235)
	at org.glassfish.jersey.message.internal.ReaderInterceptorExecutor.proceed(ReaderInterceptorExecutor.java:155)
	at org.glassfish.jersey.message.internal.MessageBodyFactory.readFrom(MessageBodyFactory.java:1085)
	at org.glassfish.jersey.message.internal.InboundMessageContext.readEntity(InboundMessageContext.java:874)
	at org.glassfish.jersey.message.internal.InboundMessageContext.readEntity(InboundMessageContext.java:808)
	at org.glassfish.jersey.client.ClientResponse.readEntity(ClientResponse.java:326)
	at org.glassfish.jersey.client.JerseyInvocation.translate(JerseyInvocation.java:806)
	... 47 more
</error>
    <system-out>21.09.2018 17:37:08.320 INFO  [main] [org.eclipse.jetty.server.Server.doStart:327] - jetty-9.2.13.v20150730
21.09.2018 17:37:08.321 INFO  [main] [o.e.j.server.handler.ContextHandler.doStart:744] - Started o.e.j.s.ServletContextHandler@10bcceb5{/__admin,null,AVAILABLE}
21.09.2018 17:37:08.322 INFO  [main] [o.e.j.server.handler.ContextHandler.doStart:744] - Started o.e.j.s.ServletContextHandler@532a48d4{/,null,AVAILABLE}
21.09.2018 17:37:08.323 INFO  [main] [o.e.jetty.server.ServerConnector.doStart:266] - Started ServerConnector@2515ed62{HTTP/1.1}{0.0.0.0:18089}
21.09.2018 17:37:08.324 INFO  [main] [org.eclipse.jetty.server.Server.doStart:379] - Started @4124ms
21.09.2018 17:37:08.330 INFO  [qtp1753325486-209] [/__admin.log:2052] - RequestHandlerClass from context returned com.github.tomakehurst.wiremock.http.AdminRequestHandler. Normalized mapped under returned &apos;null&apos;
21.09.2018 17:37:08.364 DEBUG [main] [ee.sk.mid.rest.SessionStatusPoller.setPollingSleepTime:119] - Polling sleep time is 1 SECONDS
21.09.2018 17:37:08.364 DEBUG [main] [e.s.mid.AuthenticationRequestBuilder.&lt;init&gt;:20] - Instantiating authentication request builder
21.09.2018 17:37:08.364 DEBUG [main] [ee.sk.mid.rest.MobileIdRestConnector.authenticate:43] - Authenticating for phone number +37200007
21.09.2018 17:37:08.373 DEBUG [main] [ee.sk.mid.rest.LoggingFilter.logUrl:58] - POST http://localhost:18089/mid-api/authentication
21.09.2018 17:37:08.373 TRACE [main] [ee.sk.mid.rest.LoggingFilter.logHeaders:64] - Request headers: {Accept=[application/json], Content-Type=[application/json]}
21.09.2018 17:37:08.376 TRACE [main] [ee.sk.mid.rest.LoggingFilter.logRequestBody:98] - Message body: {&quot;relyingPartyUUID&quot;:&quot;e8189051-5634-4fbe-a6e8-fe1b9a9ef445&quot;,&quot;relyingPartyName&quot;:&quot;ToomasBank&quot;,&quot;phoneNumber&quot;:&quot;+37200007&quot;,&quot;nationalIdentityNumber&quot;:&quot;14212128025&quot;,&quot;hash&quot;:&quot;K74MSLkafRuKZ1Ooucvh2xa4Q3nz+R/hFWIShN96SPHNcem+uQ6mFMe9kkJQqp5EaoZnJeaFpl310TmlzRgNyQ==&quot;,&quot;hashType&quot;:&quot;SHA512&quot;,&quot;language&quot;:&quot;EST&quot;}
21.09.2018 17:37:08.377 INFO  [qtp1753325486-209] [/.log:2052] - RequestHandlerClass from context returned com.github.tomakehurst.wiremock.http.StubRequestHandler. Normalized mapped under returned &apos;null&apos;
21.09.2018 17:37:08.379 DEBUG [main] [ee.sk.mid.rest.LoggingFilter.filter:40] - Response status: 200 - OK
21.09.2018 17:37:08.380 TRACE [main] [ee.sk.mid.rest.LoggingFilter.logResponseBody:80] - Response body: {
  &quot;sessionID&quot;: &quot;1dcc1600-29a6-4e95-a95c-d69b31febcfb&quot;
}
21.09.2018 17:37:08.381 DEBUG [main] [ee.sk.mid.rest.SessionStatusPoller.fetchFinalSessionStatus:29] - Starting to poll session status for session 1dcc1600-29a6-4e95-a95c-d69b31febcfb
21.09.2018 17:37:08.381 DEBUG [main] [ee.sk.mid.rest.SessionStatusPoller.pollSessionStatus:55] - Polling session status
21.09.2018 17:37:08.381 DEBUG [main] [ee.sk.mid.rest.MobileIdRestConnector.getSessionStatus:53] - Getting session status for 1dcc1600-29a6-4e95-a95c-d69b31febcfb
21.09.2018 17:37:08.392 DEBUG [main] [ee.sk.mid.rest.LoggingFilter.logUrl:58] - GET http://localhost:18089/mid-api/authentication/session/1dcc1600-29a6-4e95-a95c-d69b31febcfb
21.09.2018 17:37:08.392 TRACE [main] [ee.sk.mid.rest.LoggingFilter.logHeaders:64] - Request headers: {Accept=[application/json]}
21.09.2018 17:37:08.395 DEBUG [main] [ee.sk.mid.rest.LoggingFilter.filter:40] - Response status: 200 - OK
21.09.2018 17:37:08.395 TRACE [main] [ee.sk.mid.rest.LoggingFilter.logResponseBody:80] - Response body: {
  &quot;state&quot;: &quot;COMPLETE&quot;,
  &quot;result&quot;: &quot;OK&quot;,
  &quot;signature&quot;: {
    &quot;value&quot;: &quot;luvjsi1+1iLN9yfDFEh/BE8hXtAKhAIxilv0SEk8Qk0yoM9ms/Qsq6OtFoTFZfmpZNQtmEDg6ADeVNUfZrAoozSbqGggNP9pZLv0pQ6fvkoUjV0XI3FP5PuICuRp0vfC2w024cG/Rw2XGfZTcDWZ3IWVaS/C9tqbvA7l0Ssa8W9wUit2H5msNMyyviHJFW7m9yfjdMZe9ebPw9HGSHjnRGbzl7myUIZyWtlD5mqnk/tcU13+lD6DBYkGSW5eu125W1BMojH3sIRrKhEdZxkgwtg6KEuWQ85OQBMF3X5zFB62caKqKo42HfV74EcbaBChhJ32226VZju+JKN9D+WUeQ==&quot;,
    &quot;algorithm&quot;: &quot;sha256WithRSAEncryption&quot;
  },
  &quot;cert&quot;: &quot;MIIHhjCCBW6gAwIBAgIQDNYLtVwrKURYStrYApYViTANBgkqhkiG9w0BAQsFADBoMQswCQYDVQQGEwJFRTEiMCAGA1UECgwZQVMgU2VydGlmaXRzZWVyaW1pc2tlc2t1czEXMBUGA1UEYQwOTlRSRUUtMTA3NDcwMTMxHDAaBgNVBAMME1RFU1Qgb2YgRUlELVNLIDIwMTYwHhcNMTYxMjA5MTYyNDU2WhcNMTkxMjA5MTYyNDU2WjCBvzELMAkGA1UEBhMCRUUxIjAgBgNVBAoMGUFTIFNlcnRpZml0c2VlcmltaXNrZXNrdXMxGjAYBgNVBAsMEWRpZ2l0YWwgc2lnbmF0dXJlMS0wKwYDVQQDDCRFTEZSSUlEQSxNQU5JVkFMREUsUE5PRUUtMzExMTExMTExMTExETAPBgNVBAQMCEVMRlJJSURBMRIwEAYDVQQqDAlNQU5JVkFMREUxGjAYBgNVBAUTEVBOT0VFLTMxMTExMTExMTExMIICIjANBgkqhkiG9w0BAQEFAAOCAg8AMIICCgKCAgEAgcfk+eY6dvVyDDPpJPkoKpQ08pQx5Jpfjgq+G31lRSsx03y4WYWQhILu5R4isI6DGzQ1MK2dEsW9Dl+S39y7mDDqGlviVpxCtgz14H7NG84ew8vd+sBeaYCvEhKS4+FxRWCmg5VCozr3s2Evi/ao3Wj51ThtecVmAY7PoE27Zckr0GJ/0I+JqEQx19POBr/lNkZN1AxBy8O9gvDzdpCa2Vn9qahY9eZnDGScrP2KsR34UlXa5PjEMVPtSB4btPi9VOQuRoZImGchfUyf1A2uyIPhV5aC+Zgl60B65WxZ+/nEsVN4NoSgBUv+HlwuRxJPelQKeA9tPwKroqO9PGc5/ee2C1HLH7loD+SwahSPMOY2e8CQd6pLmRF1a/H+ZPWZBW+U7Ekm3YeNNJToUkuonAQB/JbwBvHkZXwsH4/kMHyMPiws5G3nr/jyqF2595KKghIgjGHR1WhGljQzdgO5LT4uuOhesGDRYeMUanvClWSb/mt0SdS8njziY7WoYPYFFFgjRvIIK5FgOd8d2W88I5pj2/SjcXb6GMqEqI3HkCBGPDSo57nSJZzJD8KjJs/4jvzZnGwCFZ8+jeyh562B01mkFfwFaoFOYfqRG3g5sGdZUdY9Nk3FZ8dgEwylUMSxmaL0R2/mzNVasFWp482eHwlK2rae3v+QtCHGfOKn+vsCAwEAAaOCAdIwggHOMAkGA1UdEwQCMAAwDgYDVR0PAQH/BAQDAgZAMFYGA1UdIARPME0wQAYKKwYBBAHOHwMRAjAyMDAGCCsGAQUFBwIBFiRodHRwczovL3d3dy5zay5lZS9lbi9yZXBvc2l0b3J5L0NQUy8wCQYHBACL7EABATAdBgNVHQ4EFgQUNxW1gjoB4+Qh46Rj3SuULubhtUMwgZkGCCsGAQUFBwEDBIGMMIGJMAgGBgQAjkYBATAVBggrBgEFBQcLAjAJBgcEAIvsSQEBMBMGBgQAjkYBBjAJBgcEAI5GAQYBMFEGBgQAjkYBBTBHMEUWP2h0dHBzOi8vc2suZWUvZW4vcmVwb3NpdG9yeS9jb25kaXRpb25zLWZvci11c2Utb2YtY2VydGlmaWNhdGVzLxMCRU4wHwYDVR0jBBgwFoAUrrDq4Tb4JqulzAtmVf46HQK/ErQwfQYIKwYBBQUHAQEEcTBvMCkGCCsGAQUFBzABhh1odHRwOi8vYWlhLmRlbW8uc2suZWUvZWlkMjAxNjBCBggrBgEFBQcwAoY2aHR0cHM6Ly9zay5lZS91cGxvYWQvZmlsZXMvVEVTVF9vZl9FSUQtU0tfMjAxNi5kZXIuY3J0MA0GCSqGSIb3DQEBCwUAA4ICAQCH+SY8KKgw5UDlVL99ToRWPpcloyfOM64UTnNgEDXDDI5r1CNNA0OlggzoEZfakNQJamHjIT287LV7nXFsB4Q9VzyI3H1J5mzVIZrMUiE68wf25BDuA3Zwpri+f8Me78f3nowO2cJ2AiMJ83vQFKKy1LFOixWguuxioKlda2Jq7B57ty5cN+jZwLO7Vrv4Tryg9QeOaxnFvHvuZaxMnE55of7cLpfyAH/5DKvlXx4cdmh7kNO4F/o2LT7om4Cf+Sq6tFS3cUn4zcQbFKT5lw+7vfewzG6X0qYnHbe7Ts/zhh7IJpHnPF1p23ND0+jHgbcDVTFjV4pN1PhVthYHOMeDW461okw2OA/jfuQetUlDwqT5yCdjrOTMDkjZCjTMhcVPzw+7hSUUnewKiR0smuyZbKpE/ZGZWUA6K0sieGCpHGKJo99zD3zmEWmOmq++D0TmVvEiXVJs8fuNWl+VmXSStkMeNR4noHAL1PFUebXVS0lPpQZzBKgqhMGAgbwvYajZnOlvXVll6QashxFZmOVNy88O67s+a2p1SmQTtqNrlodszqkKsc28nDbbvBUd4PUD5tmVgPe29Zwnm1TxFuhl0gqvVc+qZme8zq6yd3nCKNrY6qron4Xcc1rxCWS7NcyO5JiF+qXgAuDOkSFJaaEnQh83ZJsNneXD/nyBH8kSiQ==&quot;
}
21.09.2018 17:37:08.398 INFO  [main] [o.e.jetty.server.ServerConnector.doStop:306] - Stopped ServerConnector@2515ed62{HTTP/1.1}{0.0.0.0:18089}
21.09.2018 17:37:08.398 INFO  [main] [o.e.j.server.handler.ContextHandler.doStop:865] - Stopped o.e.j.s.ServletContextHandler@532a48d4{/,null,UNAVAILABLE}
21.09.2018 17:37:08.398 INFO  [main] [o.e.j.server.handler.ContextHandler.doStop:865] - Stopped o.e.j.s.ServletContextHandler@10bcceb5{/__admin,null,UNAVAILABLE}
21.09.2018 17:37:08.399 WARN  [main] [o.e.j.util.thread.QueuedThreadPool.doStop:178] - qtp1753325486{STOPPING,8&lt;=8&lt;=10,i=5,q=6} Couldn&apos;t stop Thread[qtp1753325486-205,5,]
21.09.2018 17:37:08.399 WARN  [main] [o.e.j.util.thread.QueuedThreadPool.doStop:178] - qtp1753325486{STOPPING,8&lt;=8&lt;=10,i=0,q=3} Couldn&apos;t stop Thread[qtp1753325486-206,5,]
</system-out>
  </testcase>
  <testcase classname="ee.sk.mid.MobileIdClientTest" name="authenticate_whenResponseRetrievingError_shouldThrowException" time="0.089"/>
</testsuite>